INFO: [VRFC 10-163] Analyzing VHDL file "C:/Users/darko/OneDrive/Documentos/VH/crucero/crucero.srcs/sources_1/new/crucer.vhd" into library xil_defaultlib
INFO: [VRFC 10-307] analyzing entity crucer
INFO: [VRFC 10-163] Analyzing VHDL file "/home/daniel/Documentos/crucero/crucero.srcs/sources_1/new/crucer.vhd" into library xil_defaultlib
INFO: [VRFC 10-3107] analyzing entity 'crucer'
INFO: [VRFC 10-163] Analyzing VHDL file "/home/daniel/Documentos/crucero/crucero.srcs/sources_1/new/crucer.vhd" into library xil_defaultlib
INFO: [VRFC 10-3107] analyzing entity 'crucer'
INFO: [VRFC 10-163] Analyzing VHDL file "/home/daniel/Documentos/crucero/crucero.srcs/sources_1/new/crucer.vhd" into library xil_defaultlib
INFO: [VRFC 10-3107] analyzing entity 'crucer'
INFO: [VRFC 10-163] Analyzing VHDL file "/home/daniel/Documentos/crucero/crucero.srcs/sources_1/new/crucer.vhd" into library xil_defaultlib
INFO: [VRFC 10-3107] analyzing entity 'crucer'
INFO: [VRFC 10-163] Analyzing VHDL file "/home/daniel/Documentos/crucero/crucero.srcs/sources_1/new/crucer.vhd" into library xil_defaultlib
INFO: [VRFC 10-3107] analyzing entity 'crucer'
INFO: [VRFC 10-163] Analyzing VHDL file "/home/daniel/Documentos/crucero/crucero.srcs/sources_1/new/crucer.vhd" into library xil_defaultlib
INFO: [VRFC 10-3107] analyzing entity 'crucer'
INFO: [VRFC 10-163] Analyzing VHDL file "/home/daniel/Documentos/crucero/crucero.srcs/sources_1/new/crucer.vhd" into library xil_defaultlib
INFO: [VRFC 10-3107] analyzing entity 'crucer'
INFO: [VRFC 10-163] Analyzing VHDL file "/home/daniel/Documentos/crucero/crucero.srcs/sources_1/new/crucer.vhd" into library xil_defaultlib
INFO: [VRFC 10-3107] analyzing entity 'Crucero'
INFO: [VRFC 10-163] Analyzing VHDL file "/home/daniel/Documentos/crucero/crucero.srcs/sources_1/new/crucer.vhd" into library xil_defaultlib
INFO: [VRFC 10-3107] analyzing entity 'Crucero'
