
*** Running vivado
    with args -log disp.vds -m64 -product Vivado -mode batch -messageDb vivado.pb -notrace -source disp.tcl


****** Vivado v2018.2 (64-bit)
  **** SW Build 2258646 on Thu Jun 14 20:03:12 MDT 2018
  **** IP Build 2256618 on Thu Jun 14 22:10:49 MDT 2018
    ** Copyright 1986-2018 Xilinx, Inc. All Rights Reserved.

source disp.tcl -notrace
Command: synth_design -top disp -part xc7a35tcpg236-1
Starting synth_design
Attempting to get a license for feature 'Synthesis' and/or device 'xc7a35t'
INFO: [Common 17-349] Got license for feature 'Synthesis' and/or device 'xc7a35t'
INFO: Launching helper process for spawning children vivado processes
INFO: Helper process launched with PID 840 
---------------------------------------------------------------------------------
Starting RTL Elaboration : Time (s): cpu = 00:00:07 ; elapsed = 00:00:08 . Memory (MB): peak = 357.375 ; gain = 98.941
---------------------------------------------------------------------------------
INFO: [Synth 8-638] synthesizing module 'disp' [C:/Users/darko/OneDrive/Documentos/VH/VIVADO/display/display.srcs/sources_1/new/disp.vhd:43]
INFO: [Synth 8-256] done synthesizing module 'disp' (1#1) [C:/Users/darko/OneDrive/Documentos/VH/VIVADO/display/display.srcs/sources_1/new/disp.vhd:43]
WARNING: [Synth 8-3917] design disp has port d1 driven by constant 0
WARNING: [Synth 8-3917] design disp has port d2 driven by constant 1
WARNING: [Synth 8-3917] design disp has port d3 driven by constant 1
WARNING: [Synth 8-3917] design disp has port d4 driven by constant 1
---------------------------------------------------------------------------------
Finished RTL Elaboration : Time (s): cpu = 00:00:10 ; elapsed = 00:00:11 . Memory (MB): peak = 412.273 ; gain = 153.840
---------------------------------------------------------------------------------

Report Check Netlist: 
+------+------------------+-------+---------+-------+------------------+
|      |Item              |Errors |Warnings |Status |Description       |
+------+------------------+-------+---------+-------+------------------+
|1     |multi_driven_nets |      0|        0|Passed |Multi driven nets |
+------+------------------+-------+---------+-------+------------------+
---------------------------------------------------------------------------------
Start Handling Custom Attributes
---------------------------------------------------------------------------------
---------------------------------------------------------------------------------
Finished Handling Custom Attributes : Time (s): cpu = 00:00:10 ; elapsed = 00:00:11 . Memory (MB): peak = 412.273 ; gain = 153.840
---------------------------------------------------------------------------------
---------------------------------------------------------------------------------
Finished RTL Optimization Phase 1 : Time (s): cpu = 00:00:10 ; elapsed = 00:00:11 . Memory (MB): peak = 412.273 ; gain = 153.840
---------------------------------------------------------------------------------
INFO: [Device 21-403] Loading part xc7a35tcpg236-1
INFO: [Project 1-570] Preparing netlist for logic optimization

Processing XDC Constraints
Initializing timing engine
Parsing XDC File [C:/Users/darko/OneDrive/Documentos/VH/VIVADO/display/display.srcs/constrs_1/new/pines.xdc]
CRITICAL WARNING: [Common 17-69] Command failed: Cannot change direction of connected port 's[3]' [C:/Users/darko/OneDrive/Documentos/VH/VIVADO/display/display.srcs/constrs_1/new/pines.xdc:12]
CRITICAL WARNING: [Common 17-69] Command failed: Cannot change direction of connected port 's[2]' [C:/Users/darko/OneDrive/Documentos/VH/VIVADO/display/display.srcs/constrs_1/new/pines.xdc:14]
CRITICAL WARNING: [Common 17-69] Command failed: Cannot change direction of connected port 's[1]' [C:/Users/darko/OneDrive/Documentos/VH/VIVADO/display/display.srcs/constrs_1/new/pines.xdc:16]
CRITICAL WARNING: [Common 17-69] Command failed: Cannot change direction of connected port 's[0]' [C:/Users/darko/OneDrive/Documentos/VH/VIVADO/display/display.srcs/constrs_1/new/pines.xdc:18]
CRITICAL WARNING: [Common 17-69] Command failed: Cannot change direction of connected port 'x[6]' [C:/Users/darko/OneDrive/Documentos/VH/VIVADO/display/display.srcs/constrs_1/new/pines.xdc:20]
CRITICAL WARNING: [Common 17-69] Command failed: Cannot change direction of connected port 'x[5]' [C:/Users/darko/OneDrive/Documentos/VH/VIVADO/display/display.srcs/constrs_1/new/pines.xdc:24]
CRITICAL WARNING: [Common 17-69] Command failed: Cannot change direction of connected port 'x[4]' [C:/Users/darko/OneDrive/Documentos/VH/VIVADO/display/display.srcs/constrs_1/new/pines.xdc:28]
CRITICAL WARNING: [Common 17-69] Command failed: Cannot change direction of connected port 'x[3]' [C:/Users/darko/OneDrive/Documentos/VH/VIVADO/display/display.srcs/constrs_1/new/pines.xdc:32]
CRITICAL WARNING: [Common 17-69] Command failed: Cannot change direction of connected port 'x[2]' [C:/Users/darko/OneDrive/Documentos/VH/VIVADO/display/display.srcs/constrs_1/new/pines.xdc:36]
CRITICAL WARNING: [Common 17-69] Command failed: Cannot change direction of connected port 'x[1]' [C:/Users/darko/OneDrive/Documentos/VH/VIVADO/display/display.srcs/constrs_1/new/pines.xdc:40]
CRITICAL WARNING: [Common 17-69] Command failed: Cannot change direction of connected port 'x[0]' [C:/Users/darko/OneDrive/Documentos/VH/VIVADO/display/display.srcs/constrs_1/new/pines.xdc:44]
Finished Parsing XDC File [C:/Users/darko/OneDrive/Documentos/VH/VIVADO/display/display.srcs/constrs_1/new/pines.xdc]
INFO: [Project 1-236] Implementation specific constraints were found while reading constraint file [C:/Users/darko/OneDrive/Documentos/VH/VIVADO/display/display.srcs/constrs_1/new/pines.xdc]. These constraints will be ignored for synthesis but will be used in implementation. Impacted constraints are listed in the file [.Xil/disp_propImpl.xdc].
Resolution: To avoid this warning, move constraints listed in [.Xil/disp_propImpl.xdc] to another XDC file and exclude this new file from synthesis with the used_in_synthesis property (File Properties dialog in GUI) and re-run elaboration/synthesis.
Completed Processing XDC Constraints

INFO: [Project 1-111] Unisim Transformation Summary:
No Unisim elements were transformed.

Constraint Validation Runtime : Time (s): cpu = 00:00:00 ; elapsed = 00:00:00.017 . Memory (MB): peak = 650.719 ; gain = 0.000
---------------------------------------------------------------------------------
Finished Constraint Validation : Time (s): cpu = 00:00:34 ; elapsed = 00:00:39 . Memory (MB): peak = 650.719 ; gain = 392.285
---------------------------------------------------------------------------------
---------------------------------------------------------------------------------
Start Loading Part and Timing Information
---------------------------------------------------------------------------------
Loading part: xc7a35tcpg236-1
---------------------------------------------------------------------------------
Finished Loading Part and Timing Information : Time (s): cpu = 00:00:34 ; elapsed = 00:00:39 . Memory (MB): peak = 650.719 ; gain = 392.285
---------------------------------------------------------------------------------
---------------------------------------------------------------------------------
Start Applying 'set_property' XDC Constraints
---------------------------------------------------------------------------------
---------------------------------------------------------------------------------
Finished applying 'set_property' XDC Constraints : Time (s): cpu = 00:00:34 ; elapsed = 00:00:39 . Memory (MB): peak = 650.719 ; gain = 392.285
---------------------------------------------------------------------------------
---------------------------------------------------------------------------------
Finished RTL Optimization Phase 2 : Time (s): cpu = 00:00:35 ; elapsed = 00:00:40 . Memory (MB): peak = 650.719 ; gain = 392.285
---------------------------------------------------------------------------------

Report RTL Partitions: 
+-+--------------+------------+----------+
| |RTL Partition |Replication |Instances |
+-+--------------+------------+----------+
+-+--------------+------------+----------+
---------------------------------------------------------------------------------
Start RTL Component Statistics 
---------------------------------------------------------------------------------
Detailed RTL Component Info : 
---------------------------------------------------------------------------------
Finished RTL Component Statistics 
---------------------------------------------------------------------------------
---------------------------------------------------------------------------------
Start RTL Hierarchical Component Statistics 
---------------------------------------------------------------------------------
Hierarchical RTL Component report 
---------------------------------------------------------------------------------
Finished RTL Hierarchical Component Statistics
---------------------------------------------------------------------------------
---------------------------------------------------------------------------------
Start Part Resource Summary
---------------------------------------------------------------------------------
Part Resources:
DSPs: 90 (col length:60)
BRAMs: 100 (col length: RAMB18 60 RAMB36 30)
---------------------------------------------------------------------------------
Finished Part Resource Summary
---------------------------------------------------------------------------------
---------------------------------------------------------------------------------
Start Cross Boundary and Area Optimization
---------------------------------------------------------------------------------
Warning: Parallel synthesis criteria is not met 
WARNING: [Synth 8-3917] design disp has port d1 driven by constant 0
WARNING: [Synth 8-3917] design disp has port d2 driven by constant 1
WARNING: [Synth 8-3917] design disp has port d3 driven by constant 1
WARNING: [Synth 8-3917] design disp has port d4 driven by constant 1
---------------------------------------------------------------------------------
Finished Cross Boundary and Area Optimization : Time (s): cpu = 00:00:36 ; elapsed = 00:00:41 . Memory (MB): peak = 650.719 ; gain = 392.285
---------------------------------------------------------------------------------

Report RTL Partitions: 
+-+--------------+------------+----------+
| |RTL Partition |Replication |Instances |
+-+--------------+------------+----------+
+-+--------------+------------+----------+
---------------------------------------------------------------------------------
Start Applying XDC Timing Constraints
---------------------------------------------------------------------------------
---------------------------------------------------------------------------------
Finished Applying XDC Timing Constraints : Time (s): cpu = 00:01:01 ; elapsed = 00:01:09 . Memory (MB): peak = 732.070 ; gain = 473.637
---------------------------------------------------------------------------------
---------------------------------------------------------------------------------
Start Timing Optimization
---------------------------------------------------------------------------------
---------------------------------------------------------------------------------
Finished Timing Optimization : Time (s): cpu = 00:01:01 ; elapsed = 00:01:09 . Memory (MB): peak = 732.070 ; gain = 473.637
---------------------------------------------------------------------------------

Report RTL Partitions: 
+-+--------------+------------+----------+
| |RTL Partition |Replication |Instances |
+-+--------------+------------+----------+
+-+--------------+------------+----------+
---------------------------------------------------------------------------------
Start Technology Mapping
---------------------------------------------------------------------------------
---------------------------------------------------------------------------------
Finished Technology Mapping : Time (s): cpu = 00:01:01 ; elapsed = 00:01:09 . Memory (MB): peak = 732.070 ; gain = 473.637
---------------------------------------------------------------------------------

Report RTL Partitions: 
+-+--------------+------------+----------+
| |RTL Partition |Replication |Instances |
+-+--------------+------------+----------+
+-+--------------+------------+----------+
---------------------------------------------------------------------------------
Start IO Insertion
---------------------------------------------------------------------------------
---------------------------------------------------------------------------------
Start Flattening Before IO Insertion
---------------------------------------------------------------------------------
---------------------------------------------------------------------------------
Finished Flattening Before IO Insertion
---------------------------------------------------------------------------------
---------------------------------------------------------------------------------
Start Final Netlist Cleanup
---------------------------------------------------------------------------------
---------------------------------------------------------------------------------
Finished Final Netlist Cleanup
---------------------------------------------------------------------------------
---------------------------------------------------------------------------------
Finished IO Insertion : Time (s): cpu = 00:01:05 ; elapsed = 00:01:13 . Memory (MB): peak = 733.195 ; gain = 474.762
---------------------------------------------------------------------------------

Report Check Netlist: 
+------+------------------+-------+---------+-------+------------------+
|      |Item              |Errors |Warnings |Status |Description       |
+------+------------------+-------+---------+-------+------------------+
|1     |multi_driven_nets |      0|        0|Passed |Multi driven nets |
+------+------------------+-------+---------+-------+------------------+
---------------------------------------------------------------------------------
Start Renaming Generated Instances
---------------------------------------------------------------------------------
---------------------------------------------------------------------------------
Finished Renaming Generated Instances : Time (s): cpu = 00:01:05 ; elapsed = 00:01:13 . Memory (MB): peak = 733.195 ; gain = 474.762
---------------------------------------------------------------------------------

Report RTL Partitions: 
+-+--------------+------------+----------+
| |RTL Partition |Replication |Instances |
+-+--------------+------------+----------+
+-+--------------+------------+----------+
---------------------------------------------------------------------------------
Start Rebuilding User Hierarchy
---------------------------------------------------------------------------------
---------------------------------------------------------------------------------
Finished Rebuilding User Hierarchy : Time (s): cpu = 00:01:05 ; elapsed = 00:01:13 . Memory (MB): peak = 733.195 ; gain = 474.762
---------------------------------------------------------------------------------
---------------------------------------------------------------------------------
Start Renaming Generated Ports
---------------------------------------------------------------------------------
---------------------------------------------------------------------------------
Finished Renaming Generated Ports : Time (s): cpu = 00:01:05 ; elapsed = 00:01:13 . Memory (MB): peak = 733.195 ; gain = 474.762
---------------------------------------------------------------------------------
---------------------------------------------------------------------------------
Start Handling Custom Attributes
---------------------------------------------------------------------------------
---------------------------------------------------------------------------------
Finished Handling Custom Attributes : Time (s): cpu = 00:01:05 ; elapsed = 00:01:13 . Memory (MB): peak = 733.195 ; gain = 474.762
---------------------------------------------------------------------------------
---------------------------------------------------------------------------------
Start Renaming Generated Nets
---------------------------------------------------------------------------------
---------------------------------------------------------------------------------
Finished Renaming Generated Nets : Time (s): cpu = 00:01:05 ; elapsed = 00:01:13 . Memory (MB): peak = 733.195 ; gain = 474.762
---------------------------------------------------------------------------------
---------------------------------------------------------------------------------
Start Writing Synthesis Report
---------------------------------------------------------------------------------

Report BlackBoxes: 
+-+--------------+----------+
| |BlackBox name |Instances |
+-+--------------+----------+
+-+--------------+----------+

Report Cell Usage: 
+------+-----+------+
|      |Cell |Count |
+------+-----+------+
|1     |LUT4 |     7|
|2     |IBUF |     4|
|3     |OBUF |    11|
+------+-----+------+

Report Instance Areas: 
+------+---------+-------+------+
|      |Instance |Module |Cells |
+------+---------+-------+------+
|1     |top      |       |    22|
+------+---------+-------+------+
---------------------------------------------------------------------------------
Finished Writing Synthesis Report : Time (s): cpu = 00:01:05 ; elapsed = 00:01:13 . Memory (MB): peak = 733.195 ; gain = 474.762
---------------------------------------------------------------------------------
Synthesis finished with 0 errors, 0 critical warnings and 4 warnings.
Synthesis Optimization Runtime : Time (s): cpu = 00:00:39 ; elapsed = 00:00:54 . Memory (MB): peak = 733.203 ; gain = 236.324
Synthesis Optimization Complete : Time (s): cpu = 00:01:06 ; elapsed = 00:01:13 . Memory (MB): peak = 733.203 ; gain = 474.770
INFO: [Project 1-571] Translating synthesized netlist
INFO: [Netlist 29-17] Analyzing 4 Unisim elements for replacement
INFO: [Netlist 29-28] Unisim Transformation completed in 0 CPU seconds
INFO: [Project 1-570] Preparing netlist for logic optimization
INFO: [Opt 31-138] Pushed 0 inverter(s) to 0 load pin(s).
INFO: [Project 1-111] Unisim Transformation Summary:
No Unisim elements were transformed.

INFO: [Common 17-83] Releasing license: Synthesis
14 Infos, 8 Warnings, 11 Critical Warnings and 0 Errors encountered.
synth_design completed successfully
synth_design: Time (s): cpu = 00:01:09 ; elapsed = 00:01:18 . Memory (MB): peak = 755.141 ; gain = 509.977
WARNING: [Constraints 18-5210] No constraint will be written out.
INFO: [Common 17-1381] The checkpoint 'C:/Users/darko/OneDrive/Documentos/VH/VIVADO/display/display.runs/synth_1/disp.dcp' has been generated.
INFO: [runtcl-4] Executing : report_utilization -file disp_utilization_synth.rpt -pb disp_utilization_synth.pb
report_utilization: Time (s): cpu = 00:00:00 ; elapsed = 00:00:00.092 . Memory (MB): peak = 755.141 ; gain = 0.000
INFO: [Common 17-206] Exiting Vivado at Thu Nov 15 11:37:39 2018...
