Release 14.7 - xst P.20131013 (lin64)
Copyright (c) 1995-2013 Xilinx, Inc.  All rights reserved.
--> 
Parameter TMPDIR set to xst/projnav.tmp


Total REAL time to Xst completion: 1.00 secs
Total CPU time to Xst completion: 0.05 secs
 
--> 
Parameter xsthdpdir set to xst


Total REAL time to Xst completion: 1.00 secs
Total CPU time to Xst completion: 0.05 secs
 
--> 
Reading design: main.prj

TABLE OF CONTENTS
  1) Synthesis Options Summary
  2) HDL Compilation
  3) Design Hierarchy Analysis
  4) HDL Analysis
  5) HDL Synthesis
     5.1) HDL Synthesis Report
  6) Advanced HDL Synthesis
     6.1) Advanced HDL Synthesis Report
  7) Low Level Synthesis
  8) Partition Report
  9) Final Report
	9.1) Device utilization summary
	9.2) Partition Resource Summary
	9.3) TIMING REPORT


=========================================================================
*                      Synthesis Options Summary                        *
=========================================================================
---- Source Parameters
Input File Name                    : "main.prj"
Input Format                       : mixed
Ignore Synthesis Constraint File   : NO

---- Target Parameters
Output File Name                   : "main"
Output Format                      : NGC
Target Device                      : xc3s500e-4-fg320

---- Source Options
Top Module Name                    : main
Automatic FSM Extraction           : YES
FSM Encoding Algorithm             : Auto
Safe Implementation                : No
FSM Style                          : LUT
RAM Extraction                     : Yes
RAM Style                          : Auto
ROM Extraction                     : Yes
Mux Style                          : Auto
Decoder Extraction                 : YES
Priority Encoder Extraction        : Yes
Shift Register Extraction          : YES
Logical Shifter Extraction         : YES
XOR Collapsing                     : YES
ROM Style                          : Auto
Mux Extraction                     : Yes
Resource Sharing                   : YES
Asynchronous To Synchronous        : NO
Multiplier Style                   : Auto
Automatic Register Balancing       : No

---- Target Options
Add IO Buffers                     : YES
Global Maximum Fanout              : 100000
Add Generic Clock Buffer(BUFG)     : 24
Register Duplication               : YES
Slice Packing                      : YES
Optimize Instantiated Primitives   : NO
Use Clock Enable                   : Yes
Use Synchronous Set                : Yes
Use Synchronous Reset              : Yes
Pack IO Registers into IOBs        : Auto
Equivalent register Removal        : YES

---- General Options
Optimization Goal                  : Speed
Optimization Effort                : 1
Keep Hierarchy                     : No
Netlist Hierarchy                  : As_Optimized
RTL Output                         : Yes
Global Optimization                : AllClockNets
Read Cores                         : YES
Write Timing Constraints           : NO
Cross Clock Analysis               : NO
Hierarchy Separator                : /
Bus Delimiter                      : <>
Case Specifier                     : Maintain
Slice Utilization Ratio            : 100
BRAM Utilization Ratio             : 100
Verilog 2001                       : YES
Auto BRAM Packing                  : NO
Slice Utilization Ratio Delta      : 5

=========================================================================


=========================================================================
*                          HDL Compilation                              *
=========================================================================
WARNING:HDLParsers:3607 - Unit work/main is now defined in a different file.  It was defined in "C:/Users/darko/OneDrive/Documentos/VH/div_tarea/main.vhd", and is now defined in "/home/david/Dropbox/VH/div_tarea/main.vhd".
WARNING:HDLParsers:3607 - Unit work/main/Behavioral is now defined in a different file.  It was defined in "C:/Users/darko/OneDrive/Documentos/VH/div_tarea/main.vhd", and is now defined in "/home/david/Dropbox/VH/div_tarea/main.vhd".
Compiling vhdl file "/home/david/Dropbox/VH/div_tarea/main.vhd" in Library work.
Entity <main> compiled.
Entity <main> (Architecture <behavioral>) compiled.

=========================================================================
*                     Design Hierarchy Analysis                         *
=========================================================================
Analyzing hierarchy for entity <main> in library <work> (architecture <behavioral>).


=========================================================================
*                            HDL Analysis                               *
=========================================================================
Analyzing Entity <main> in library <work> (Architecture <behavioral>).
Entity <main> analyzed. Unit <main> generated.


=========================================================================
*                           HDL Synthesis                               *
=========================================================================

Performing bidirectional port resolution...

Synthesizing Unit <main>.
    Related source file is "/home/david/Dropbox/VH/div_tarea/main.vhd".
    Found 29-bit adder for signal <r_next$addsub0000> created at line 27.
    Found 29-bit register for signal <r_reg>.
    Found 29-bit comparator less for signal <sclk$cmp_lt0000> created at line 30.
    Summary:
	inferred  29 D-type flip-flop(s).
	inferred   1 Adder/Subtractor(s).
	inferred   1 Comparator(s).
Unit <main> synthesized.


=========================================================================
HDL Synthesis Report

Macro Statistics
# Adders/Subtractors                                   : 1
 29-bit adder                                          : 1
# Registers                                            : 1
 29-bit register                                       : 1
# Comparators                                          : 1
 29-bit comparator less                                : 1

=========================================================================

=========================================================================
*                       Advanced HDL Synthesis                          *
=========================================================================


=========================================================================
Advanced HDL Synthesis Report

Macro Statistics
# Adders/Subtractors                                   : 1
 29-bit adder                                          : 1
# Registers                                            : 29
 Flip-Flops                                            : 29
# Comparators                                          : 1
 29-bit comparator less                                : 1

=========================================================================

=========================================================================
*                         Low Level Synthesis                           *
=========================================================================

Optimizing unit <main> ...

Mapping all equations...
Building and optimizing final netlist ...
Found area constraint ratio of 100 (+ 5) on block main, actual ratio is 0.

Final Macro Processing ...

=========================================================================
Final Register Report

Macro Statistics
# Registers                                            : 29
 Flip-Flops                                            : 29

=========================================================================

=========================================================================
*                           Partition Report                            *
=========================================================================

Partition Implementation Status
-------------------------------

  No Partitions were found in this design.

-------------------------------

=========================================================================
*                            Final Report                               *
=========================================================================
Final Results
RTL Top Level Output File Name     : main.ngr
Top Level Output File Name         : main
Output Format                      : NGC
Optimization Goal                  : Speed
Keep Hierarchy                     : No

Design Statistics
# IOs                              : 3

Cell Usage :
# BELS                             : 161
#      GND                         : 1
#      INV                         : 6
#      LUT1                        : 32
#      LUT2                        : 33
#      LUT3                        : 2
#      LUT4                        : 7
#      MUXCY                       : 50
#      VCC                         : 1
#      XORCY                       : 29
# FlipFlops/Latches                : 29
#      FDC                         : 29
# Clock Buffers                    : 1
#      BUFGP                       : 1
# IO Buffers                       : 2
#      IBUF                        : 1
#      OBUF                        : 1
=========================================================================

Device utilization summary:
---------------------------

Selected Device : 3s500efg320-4 

 Number of Slices:                       43  out of   4656     0%  
 Number of Slice Flip Flops:             29  out of   9312     0%  
 Number of 4 input LUTs:                 80  out of   9312     0%  
 Number of IOs:                           3
 Number of bonded IOBs:                   3  out of    232     1%  
 Number of GCLKs:                         1  out of     24     4%  

---------------------------
Partition Resource Summary:
---------------------------

  No Partitions were found in this design.

---------------------------


=========================================================================
TIMING REPORT

NOTE: THESE TIMING NUMBERS ARE ONLY A SYNTHESIS ESTIMATE.
      FOR ACCURATE TIMING INFORMATION PLEASE REFER TO THE TRACE REPORT
      GENERATED AFTER PLACE-and-ROUTE.

Clock Information:
------------------
-----------------------------------+------------------------+-------+
Clock Signal                       | Clock buffer(FF name)  | Load  |
-----------------------------------+------------------------+-------+
clk                                | BUFGP                  | 29    |
-----------------------------------+------------------------+-------+

Asynchronous Control Signals Information:
----------------------------------------
-----------------------------------+------------------------+-------+
Control Signal                     | Buffer(FF name)        | Load  |
-----------------------------------+------------------------+-------+
reset                              | IBUF                   | 29    |
-----------------------------------+------------------------+-------+

Timing Summary:
---------------
Speed Grade: -4

   Minimum period: 6.230ns (Maximum Frequency: 160.514MHz)
   Minimum input arrival time before clock: No path found
   Maximum output required time after clock: 7.324ns
   Maximum combinational path delay: No path found

Timing Detail:
--------------
All values displayed in nanoseconds (ns)

=========================================================================
Timing constraint: Default period analysis for Clock 'clk'
  Clock period: 6.230ns (frequency: 160.514MHz)
  Total number of paths / destination ports: 1276 / 29
-------------------------------------------------------------------------
Delay:               6.230ns (Levels of Logic = 30)
  Source:            r_reg_1 (FF)
  Destination:       r_reg_28 (FF)
  Source Clock:      clk rising
  Destination Clock: clk rising

  Data Path: r_reg_1 to r_reg_28
                                Gate     Net
    Cell:in->out      fanout   Delay   Delay  Logical Name (Net Name)
    ----------------------------------------  ------------
     FDC:C->Q              2   0.591   0.622  r_reg_1 (r_reg_1)
     LUT1:I0->O            1   0.704   0.000  Madd_r_next_addsub0000_cy<1>_rt (Madd_r_next_addsub0000_cy<1>_rt)
     MUXCY:S->O            1   0.464   0.000  Madd_r_next_addsub0000_cy<1> (Madd_r_next_addsub0000_cy<1>)
     MUXCY:CI->O           1   0.059   0.000  Madd_r_next_addsub0000_cy<2> (Madd_r_next_addsub0000_cy<2>)
     MUXCY:CI->O           1   0.059   0.000  Madd_r_next_addsub0000_cy<3> (Madd_r_next_addsub0000_cy<3>)
     MUXCY:CI->O           1   0.059   0.000  Madd_r_next_addsub0000_cy<4> (Madd_r_next_addsub0000_cy<4>)
     MUXCY:CI->O           1   0.059   0.000  Madd_r_next_addsub0000_cy<5> (Madd_r_next_addsub0000_cy<5>)
     MUXCY:CI->O           1   0.059   0.000  Madd_r_next_addsub0000_cy<6> (Madd_r_next_addsub0000_cy<6>)
     MUXCY:CI->O           1   0.059   0.000  Madd_r_next_addsub0000_cy<7> (Madd_r_next_addsub0000_cy<7>)
     MUXCY:CI->O           1   0.059   0.000  Madd_r_next_addsub0000_cy<8> (Madd_r_next_addsub0000_cy<8>)
     MUXCY:CI->O           1   0.059   0.000  Madd_r_next_addsub0000_cy<9> (Madd_r_next_addsub0000_cy<9>)
     MUXCY:CI->O           1   0.059   0.000  Madd_r_next_addsub0000_cy<10> (Madd_r_next_addsub0000_cy<10>)
     MUXCY:CI->O           1   0.059   0.000  Madd_r_next_addsub0000_cy<11> (Madd_r_next_addsub0000_cy<11>)
     MUXCY:CI->O           1   0.059   0.000  Madd_r_next_addsub0000_cy<12> (Madd_r_next_addsub0000_cy<12>)
     MUXCY:CI->O           1   0.059   0.000  Madd_r_next_addsub0000_cy<13> (Madd_r_next_addsub0000_cy<13>)
     MUXCY:CI->O           1   0.059   0.000  Madd_r_next_addsub0000_cy<14> (Madd_r_next_addsub0000_cy<14>)
     MUXCY:CI->O           1   0.059   0.000  Madd_r_next_addsub0000_cy<15> (Madd_r_next_addsub0000_cy<15>)
     MUXCY:CI->O           1   0.059   0.000  Madd_r_next_addsub0000_cy<16> (Madd_r_next_addsub0000_cy<16>)
     MUXCY:CI->O           1   0.059   0.000  Madd_r_next_addsub0000_cy<17> (Madd_r_next_addsub0000_cy<17>)
     MUXCY:CI->O           1   0.059   0.000  Madd_r_next_addsub0000_cy<18> (Madd_r_next_addsub0000_cy<18>)
     MUXCY:CI->O           1   0.059   0.000  Madd_r_next_addsub0000_cy<19> (Madd_r_next_addsub0000_cy<19>)
     MUXCY:CI->O           1   0.059   0.000  Madd_r_next_addsub0000_cy<20> (Madd_r_next_addsub0000_cy<20>)
     MUXCY:CI->O           1   0.059   0.000  Madd_r_next_addsub0000_cy<21> (Madd_r_next_addsub0000_cy<21>)
     MUXCY:CI->O           1   0.059   0.000  Madd_r_next_addsub0000_cy<22> (Madd_r_next_addsub0000_cy<22>)
     MUXCY:CI->O           1   0.059   0.000  Madd_r_next_addsub0000_cy<23> (Madd_r_next_addsub0000_cy<23>)
     MUXCY:CI->O           1   0.059   0.000  Madd_r_next_addsub0000_cy<24> (Madd_r_next_addsub0000_cy<24>)
     MUXCY:CI->O           1   0.059   0.000  Madd_r_next_addsub0000_cy<25> (Madd_r_next_addsub0000_cy<25>)
     MUXCY:CI->O           1   0.059   0.000  Madd_r_next_addsub0000_cy<26> (Madd_r_next_addsub0000_cy<26>)
     MUXCY:CI->O           0   0.059   0.000  Madd_r_next_addsub0000_cy<27> (Madd_r_next_addsub0000_cy<27>)
     XORCY:CI->O           1   0.804   0.499  Madd_r_next_addsub0000_xor<28> (r_next_addsub0000<28>)
     LUT2:I1->O            1   0.704   0.000  r_next<28>1 (r_next<28>)
     FDC:D                     0.308          r_reg_28
    ----------------------------------------
    Total                      6.230ns (5.109ns logic, 1.121ns route)
                                       (82.0% logic, 18.0% route)

=========================================================================
Timing constraint: Default OFFSET OUT AFTER for Clock 'clk'
  Total number of paths / destination ports: 22 / 1
-------------------------------------------------------------------------
Offset:              7.324ns (Levels of Logic = 16)
  Source:            r_reg_7 (FF)
  Destination:       sclk (PAD)
  Source Clock:      clk rising

  Data Path: r_reg_7 to sclk
                                Gate     Net
    Cell:in->out      fanout   Delay   Delay  Logical Name (Net Name)
    ----------------------------------------  ------------
     FDC:C->Q              3   0.591   0.706  r_reg_7 (r_reg_7)
     LUT1:I0->O            1   0.704   0.000  Mcompar_sclk_cmp_lt0000_cy<0>_rt (Mcompar_sclk_cmp_lt0000_cy<0>_rt)
     MUXCY:S->O            1   0.464   0.000  Mcompar_sclk_cmp_lt0000_cy<0> (Mcompar_sclk_cmp_lt0000_cy<0>)
     MUXCY:CI->O           1   0.059   0.000  Mcompar_sclk_cmp_lt0000_cy<1> (Mcompar_sclk_cmp_lt0000_cy<1>)
     MUXCY:CI->O           1   0.059   0.000  Mcompar_sclk_cmp_lt0000_cy<2> (Mcompar_sclk_cmp_lt0000_cy<2>)
     MUXCY:CI->O           1   0.059   0.000  Mcompar_sclk_cmp_lt0000_cy<3> (Mcompar_sclk_cmp_lt0000_cy<3>)
     MUXCY:CI->O           1   0.059   0.000  Mcompar_sclk_cmp_lt0000_cy<4> (Mcompar_sclk_cmp_lt0000_cy<4>)
     MUXCY:CI->O           1   0.059   0.000  Mcompar_sclk_cmp_lt0000_cy<5> (Mcompar_sclk_cmp_lt0000_cy<5>)
     MUXCY:CI->O           1   0.059   0.000  Mcompar_sclk_cmp_lt0000_cy<6> (Mcompar_sclk_cmp_lt0000_cy<6>)
     MUXCY:CI->O           1   0.059   0.000  Mcompar_sclk_cmp_lt0000_cy<7> (Mcompar_sclk_cmp_lt0000_cy<7>)
     MUXCY:CI->O           1   0.059   0.000  Mcompar_sclk_cmp_lt0000_cy<8> (Mcompar_sclk_cmp_lt0000_cy<8>)
     MUXCY:CI->O           1   0.059   0.000  Mcompar_sclk_cmp_lt0000_cy<9> (Mcompar_sclk_cmp_lt0000_cy<9>)
     MUXCY:CI->O           1   0.059   0.000  Mcompar_sclk_cmp_lt0000_cy<10> (Mcompar_sclk_cmp_lt0000_cy<10>)
     MUXCY:CI->O           1   0.059   0.000  Mcompar_sclk_cmp_lt0000_cy<11> (Mcompar_sclk_cmp_lt0000_cy<11>)
     MUXCY:CI->O           1   0.059   0.000  Mcompar_sclk_cmp_lt0000_cy<12> (Mcompar_sclk_cmp_lt0000_cy<12>)
     MUXCY:CI->O           1   0.459   0.420  Mcompar_sclk_cmp_lt0000_cy<13> (Mcompar_sclk_cmp_lt0000_cy<13>)
     OBUF:I->O                 3.272          sclk_OBUF (sclk)
    ----------------------------------------
    Total                      7.324ns (6.198ns logic, 1.126ns route)
                                       (84.6% logic, 15.4% route)

=========================================================================


Total REAL time to Xst completion: 12.00 secs
Total CPU time to Xst completion: 5.08 secs
 
--> 


Total memory usage is 518880 kilobytes

Number of errors   :    0 (   0 filtered)
Number of warnings :    2 (   0 filtered)
Number of infos    :    0 (   0 filtered)

