Running: C:\Xilinx\14.7\ISE_DS\ISE\bin\nt64\unwrapped\fuse.exe -intstyle ise -incremental -o C:/Users/darko/OneDrive/Documentos/VH/timer/tb_main_isim_beh.exe -prj C:/Users/darko/OneDrive/Documentos/VH/timer/tb_main_beh.prj work.tb_main 
ISim P.20131013 (signature 0x7708f090)
Number of CPUs detected in this system: 4
Turning on mult-threading, number of parallel sub-compilation jobs: 8 
Determining compilation order of HDL files
Parsing VHDL file "C:/Users/darko/OneDrive/Documentos/VH/timer/minutos.vhd" into library work
Parsing VHDL file "C:/Users/darko/OneDrive/Documentos/VH/timer/divisor.vhd" into library work
Parsing VHDL file "C:/Users/darko/OneDrive/Documentos/VH/timer/contseg.vhd" into library work
Parsing VHDL file "C:/Users/darko/OneDrive/Documentos/VH/timer/main.vhd" into library work
Parsing VHDL file "C:/Users/darko/OneDrive/Documentos/VH/timer/tb_main.vhd" into library work
Starting static elaboration
Completed static elaboration
Compiling package standard
Compiling package std_logic_1164
Compiling package numeric_std
Compiling architecture behavioral of entity divisor [divisor_default]
Compiling architecture behavioral of entity contseg [contseg_default]
Compiling architecture behavioral of entity minutos [minutos_default]
Compiling architecture behavioral of entity main [main_default]
Compiling architecture behavior of entity tb_main
Time Resolution for simulation is 1ps.
Waiting for 1 sub-compilation(s) to finish...
Compiled 12 VHDL Units
Built simulation executable C:/Users/darko/OneDrive/Documentos/VH/timer/tb_main_isim_beh.exe
Fuse Memory Usage: 35112 KB
Fuse CPU Usage: 1030 ms
