ISim log file
Running: C:\Users\darko\OneDrive\Documentos\VH\timer\tb_main_isim_beh.exe -intstyle ise -gui -tclbatch isim.cmd -wdb C:/Users/darko/OneDrive/Documentos/VH/timer/tb_main_isim_beh.wdb 
ISim P.20131013 (signature 0x7708f090)
WARNING: A WEBPACK license was found.
WARNING: Please use Xilinx License Configuration Manager to check out a full ISim license.
WARNING: ISim will run in Lite mode. Please refer to the ISim documentation for more information on the differences between the Lite and the Full version.
This is a Lite version of ISim.
Time resolution is 1 ps
# onerror resume
# wave add /
# run 1000 ns
Simulator is doing circuit initialization process.
at 0 ps, Instance /tb_main/uut/Inst_divisor/ : Warning: NUMERIC_STD."=": metavalue detected, returning FALSE
at 0 ps, Instance /tb_main/uut/Inst_divisor/ : Warning: NUMERIC_STD."<": metavalue detected, returning FALSE
at 0 ps, Instance /tb_main/uut/Inst_contseg/ : Warning: NUMERIC_STD."=": metavalue detected, returning FALSE
at 0 ps, Instance /tb_main/uut/Inst_contseg/ : Warning: NUMERIC_STD."<": metavalue detected, returning FALSE
at 0 ps, Instance /tb_main/uut/Inst_minutos/ : Warning: NUMERIC_STD."=": metavalue detected, returning FALSE
Finished circuit initialization process.
at 0 ps, Instance /tb_main/uut/Inst_contseg/ : Warning: NUMERIC_STD."=": metavalue detected, returning FALSE
at 0 ps, Instance /tb_main/uut/Inst_contseg/ : Warning: NUMERIC_STD."<": metavalue detected, returning FALSE
at 10 ns(2), Instance /tb_main/uut/Inst_divisor/ : Warning: NUMERIC_STD."=": metavalue detected, returning FALSE
at 10 ns(2), Instance /tb_main/uut/Inst_divisor/ : Warning: NUMERIC_STD."<": metavalue detected, returning FALSE
# run all
Stopped at time : 104151530 ns : File "C:/Users/darko/OneDrive/Documentos/VH/timer/divisor.vhd" Line 55
