Determining if files xintc.h exist failed with the following output:
Change Dir: /home/daniel/Documents/VHDL/zynqgpios/zynqgpios.sdk/gpiobsp/ps7_cortexa9_0/libsrc/libmetal_v1_4/build_libmetal/CMakeFiles/CMakeTmp

Run Build Command:"/usr/bin/make" "cmTC_0ae09/fast"
/usr/bin/make -f CMakeFiles/cmTC_0ae09.dir/build.make CMakeFiles/cmTC_0ae09.dir/build
make[1]: Entering directory '/home/daniel/Documents/VHDL/zynqgpios/zynqgpios.sdk/gpiobsp/ps7_cortexa9_0/libsrc/libmetal_v1_4/build_libmetal/CMakeFiles/CMakeTmp'
Building C object CMakeFiles/cmTC_0ae09.dir/CheckIncludeFiles.c.obj
/tools/Xilinx/SDK/2018.3/gnu/aarch32/lin/gcc-arm-none-eabi/bin/arm-none-eabi-gcc   -O2 -c -mcpu=cortex-a9 -mfpu=vfpv3 -mfloat-abi=hard -nostartfiles -g -Wall -Wextra -DUNDEFINE_FILE_OPS -I/home/daniel/Documents/VHDL/zynqgpios/zynqgpios.sdk/gpiobsp/ps7_cortexa9_0/include    -o CMakeFiles/cmTC_0ae09.dir/CheckIncludeFiles.c.obj   -c /home/daniel/Documents/VHDL/zynqgpios/zynqgpios.sdk/gpiobsp/ps7_cortexa9_0/libsrc/libmetal_v1_4/build_libmetal/CMakeFiles/CMakeTmp/CheckIncludeFiles.c
/home/daniel/Documents/VHDL/zynqgpios/zynqgpios.sdk/gpiobsp/ps7_cortexa9_0/libsrc/libmetal_v1_4/build_libmetal/CMakeFiles/CMakeTmp/CheckIncludeFiles.c:2:10: fatal error: xintc.h: No such file or directory
 #include <xintc.h>
          ^~~~~~~~~
compilation terminated.
CMakeFiles/cmTC_0ae09.dir/build.make:65: recipe for target 'CMakeFiles/cmTC_0ae09.dir/CheckIncludeFiles.c.obj' failed
make[1]: *** [CMakeFiles/cmTC_0ae09.dir/CheckIncludeFiles.c.obj] Error 1
make[1]: Leaving directory '/home/daniel/Documents/VHDL/zynqgpios/zynqgpios.sdk/gpiobsp/ps7_cortexa9_0/libsrc/libmetal_v1_4/build_libmetal/CMakeFiles/CMakeTmp'
Makefile:126: recipe for target 'cmTC_0ae09/fast' failed
make: *** [cmTC_0ae09/fast] Error 2

Source:
/* */
#include <xintc.h>


int main(void){return 0;}

