The target system is: Generic -  - arm
The host system is: Linux - 4.18.0-17-generic - x86_64
Determining if files stdatomic.h exist passed with the following output:
Change Dir: /home/daniel/Documents/VHDL/zynqtimer/zynqtimer.sdk/timersbsp/ps7_cortexa9_0/libsrc/openamp_v1_5/build_openamp/CMakeFiles/CMakeTmp

Run Build Command:"/usr/bin/make" "cmTC_6a539/fast"
/usr/bin/make -f CMakeFiles/cmTC_6a539.dir/build.make CMakeFiles/cmTC_6a539.dir/build
make[1]: Entering directory '/home/daniel/Documents/VHDL/zynqtimer/zynqtimer.sdk/timersbsp/ps7_cortexa9_0/libsrc/openamp_v1_5/build_openamp/CMakeFiles/CMakeTmp'
Building C object CMakeFiles/cmTC_6a539.dir/CheckIncludeFiles.c.obj
/tools/Xilinx/SDK/2018.3/gnu/aarch32/lin/gcc-arm-none-eabi/bin/arm-none-eabi-gcc   -O2 -c -mcpu=cortex-a9 -mfpu=vfpv3 -mfloat-abi=hard -nostartfiles -g -Wall -Wextra -I/home/daniel/Documents/VHDL/zynqtimer/zynqtimer.sdk/timersbsp/ps7_cortexa9_0/include -Wall -Wextra -c   -o CMakeFiles/cmTC_6a539.dir/CheckIncludeFiles.c.obj   -c /home/daniel/Documents/VHDL/zynqtimer/zynqtimer.sdk/timersbsp/ps7_cortexa9_0/libsrc/openamp_v1_5/build_openamp/CMakeFiles/CMakeTmp/CheckIncludeFiles.c
Linking C executable cmTC_6a539
/tools/Xilinx/SDK/2018.3/tps/lnx64/cmake-3.3.2/bin/cmake -E cmake_link_script CMakeFiles/cmTC_6a539.dir/link.txt --verbose=1
/tools/Xilinx/SDK/2018.3/gnu/aarch32/lin/gcc-arm-none-eabi/bin/arm-none-eabi-gcc  -O2 -c -mcpu=cortex-a9 -mfpu=vfpv3 -mfloat-abi=hard -nostartfiles -g -Wall -Wextra -I/home/daniel/Documents/VHDL/zynqtimer/zynqtimer.sdk/timersbsp/ps7_cortexa9_0/include -Wall -Wextra -c    CMakeFiles/cmTC_6a539.dir/CheckIncludeFiles.c.obj  -o cmTC_6a539  
arm-none-eabi-gcc: warning: CMakeFiles/cmTC_6a539.dir/CheckIncludeFiles.c.obj: linker input file unused because linking not done
make[1]: Leaving directory '/home/daniel/Documents/VHDL/zynqtimer/zynqtimer.sdk/timersbsp/ps7_cortexa9_0/libsrc/openamp_v1_5/build_openamp/CMakeFiles/CMakeTmp'


Determining if files fcntl.h exist passed with the following output:
Change Dir: /home/daniel/Documents/VHDL/zynqtimer/zynqtimer.sdk/timersbsp/ps7_cortexa9_0/libsrc/openamp_v1_5/build_openamp/CMakeFiles/CMakeTmp

Run Build Command:"/usr/bin/make" "cmTC_42b5a/fast"
/usr/bin/make -f CMakeFiles/cmTC_42b5a.dir/build.make CMakeFiles/cmTC_42b5a.dir/build
make[1]: Entering directory '/home/daniel/Documents/VHDL/zynqtimer/zynqtimer.sdk/timersbsp/ps7_cortexa9_0/libsrc/openamp_v1_5/build_openamp/CMakeFiles/CMakeTmp'
Building C object CMakeFiles/cmTC_42b5a.dir/CheckIncludeFiles.c.obj
/tools/Xilinx/SDK/2018.3/gnu/aarch32/lin/gcc-arm-none-eabi/bin/arm-none-eabi-gcc   -O2 -c -mcpu=cortex-a9 -mfpu=vfpv3 -mfloat-abi=hard -nostartfiles -g -Wall -Wextra -I/home/daniel/Documents/VHDL/zynqtimer/zynqtimer.sdk/timersbsp/ps7_cortexa9_0/include -Wall -Wextra -c   -o CMakeFiles/cmTC_42b5a.dir/CheckIncludeFiles.c.obj   -c /home/daniel/Documents/VHDL/zynqtimer/zynqtimer.sdk/timersbsp/ps7_cortexa9_0/libsrc/openamp_v1_5/build_openamp/CMakeFiles/CMakeTmp/CheckIncludeFiles.c
Linking C executable cmTC_42b5a
/tools/Xilinx/SDK/2018.3/tps/lnx64/cmake-3.3.2/bin/cmake -E cmake_link_script CMakeFiles/cmTC_42b5a.dir/link.txt --verbose=1
/tools/Xilinx/SDK/2018.3/gnu/aarch32/lin/gcc-arm-none-eabi/bin/arm-none-eabi-gcc  -O2 -c -mcpu=cortex-a9 -mfpu=vfpv3 -mfloat-abi=hard -nostartfiles -g -Wall -Wextra -I/home/daniel/Documents/VHDL/zynqtimer/zynqtimer.sdk/timersbsp/ps7_cortexa9_0/include -Wall -Wextra -c    CMakeFiles/cmTC_42b5a.dir/CheckIncludeFiles.c.obj  -o cmTC_42b5a  
arm-none-eabi-gcc: warning: CMakeFiles/cmTC_42b5a.dir/CheckIncludeFiles.c.obj: linker input file unused because linking not done
make[1]: Leaving directory '/home/daniel/Documents/VHDL/zynqtimer/zynqtimer.sdk/timersbsp/ps7_cortexa9_0/libsrc/openamp_v1_5/build_openamp/CMakeFiles/CMakeTmp'


