00:53:56 INFO  : Registering command handlers for SDK TCF services
00:53:59 INFO  : Launching XSCT server: xsct -n -interactive /home/daniel/Documents/VHDL/zynqgpios/zynqgpios.sdk/temp_xsdb_launch_script.tcl
00:54:04 INFO  : XSCT server has started successfully.
00:54:07 INFO  : Successfully done setting XSCT server connection channel  
00:54:07 INFO  : Successfully done setting SDK workspace  
00:54:07 INFO  : Processing command line option -hwspec /home/daniel/Documents/VHDL/zynqgpios/zynqgpios.sdk/design_1_wrapper.hdf.
00:57:24 INFO  : Example project gpiobsp_xgpio_example_1 has been created successfully.
01:11:35 INFO  : Connected to target on host '127.0.0.1' and port '3121'.
01:11:41 INFO  : Connected to target on host '127.0.0.1' and port '3121'.
01:11:41 INFO  : 'targets -set -filter {jtag_cable_name =~ "Xilinx PYNQ-Z1 003017ABD8ADA" && level==0} -index 1' command is executed.
01:11:43 INFO  : FPGA configured successfully with bitstream "/home/daniel/Documents/VHDL/zynqgpios/zynqgpios.sdk/design_1_wrapper_hw_platform_0/design_1_wrapper.bit"
01:12:11 INFO  : 'targets -set -filter {jtag_cable_name =~ "Xilinx PYNQ-Z1 003017ABD8ADA" && level==0} -index 1' command is executed.
01:12:11 INFO  : 'fpga -state' command is executed.
01:12:11 INFO  : Connected to target on host '127.0.0.1' and port '3121'.
01:12:11 INFO  : Jtag cable 'Xilinx PYNQ-Z1 003017ABD8ADA' is selected.
01:12:11 INFO  : 'jtag frequency' command is executed.
01:12:11 INFO  : Sourcing of '/home/daniel/Documents/VHDL/zynqgpios/zynqgpios.sdk/design_1_wrapper_hw_platform_0/ps7_init.tcl' is done.
01:12:11 INFO  : Context for 'APU' is selected.
01:12:11 INFO  : Hardware design information is loaded from '/home/daniel/Documents/VHDL/zynqgpios/zynqgpios.sdk/design_1_wrapper_hw_platform_0/system.hdf'.
01:12:11 INFO  : 'configparams force-mem-access 1' command is executed.
01:12:11 INFO  : Context for 'APU' is selected.
01:12:11 INFO  : 'stop' command is executed.
01:12:12 INFO  : 'ps7_init' command is executed.
01:12:12 INFO  : 'ps7_post_config' command is executed.
01:12:12 INFO  : Context for processor 'ps7_cortexa9_0' is selected.
01:12:12 INFO  : Processor reset is completed for 'ps7_cortexa9_0'.
01:12:12 INFO  : Context for processor 'ps7_cortexa9_0' is selected.
01:12:12 INFO  : The application '/home/daniel/Documents/VHDL/zynqgpios/zynqgpios.sdk/gpiobsp_xgpio_example_1/Debug/gpiobsp_xgpio_example_1.elf' is downloaded to processor 'ps7_cortexa9_0'.
01:12:12 INFO  : 'configparams force-mem-access 0' command is executed.
01:12:12 INFO  : ----------------XSDB Script----------------
connect -url tcp:127.0.0.1:3121
source /home/daniel/Documents/VHDL/zynqgpios/zynqgpios.sdk/design_1_wrapper_hw_platform_0/ps7_init.tcl
targets -set -nocase -filter {name =~"APU*" && jtag_cable_name =~ "Xilinx PYNQ-Z1 003017ABD8ADA"} -index 0
loadhw -hw /home/daniel/Documents/VHDL/zynqgpios/zynqgpios.sdk/design_1_wrapper_hw_platform_0/system.hdf -mem-ranges [list {0x40000000 0xbfffffff}]
configparams force-mem-access 1
targets -set -nocase -filter {name =~"APU*" && jtag_cable_name =~ "Xilinx PYNQ-Z1 003017ABD8ADA"} -index 0
stop
ps7_init
ps7_post_config
targets -set -nocase -filter {name =~ "ARM*#0" && jtag_cable_name =~ "Xilinx PYNQ-Z1 003017ABD8ADA"} -index 0
rst -processor
targets -set -nocase -filter {name =~ "ARM*#0" && jtag_cable_name =~ "Xilinx PYNQ-Z1 003017ABD8ADA"} -index 0
dow /home/daniel/Documents/VHDL/zynqgpios/zynqgpios.sdk/gpiobsp_xgpio_example_1/Debug/gpiobsp_xgpio_example_1.elf
configparams force-mem-access 0
----------------End of Script----------------

01:12:12 INFO  : Context for processor 'ps7_cortexa9_0' is selected.
01:12:12 INFO  : 'con' command is executed.
01:12:12 INFO  : ----------------XSDB Script (After Launch)----------------
targets -set -nocase -filter {name =~ "ARM*#0" && jtag_cable_name =~ "Xilinx PYNQ-Z1 003017ABD8ADA"} -index 0
con
----------------End of Script----------------

01:12:12 INFO  : Disconnected from the channel tcfchan#1.
01:12:58 INFO  : 'targets -set -filter {jtag_cable_name =~ "Xilinx PYNQ-Z1 003017ABD8ADA" && level==0} -index 1' command is executed.
01:12:58 INFO  : 'fpga -state' command is executed.
01:12:58 INFO  : Connected to target on host '127.0.0.1' and port '3121'.
01:12:58 INFO  : Jtag cable 'Xilinx PYNQ-Z1 003017ABD8ADA' is selected.
01:12:58 INFO  : 'jtag frequency' command is executed.
01:12:58 INFO  : Sourcing of '/home/daniel/Documents/VHDL/zynqgpios/zynqgpios.sdk/design_1_wrapper_hw_platform_0/ps7_init.tcl' is done.
01:12:58 INFO  : Context for 'APU' is selected.
01:12:59 INFO  : Hardware design information is loaded from '/home/daniel/Documents/VHDL/zynqgpios/zynqgpios.sdk/design_1_wrapper_hw_platform_0/system.hdf'.
01:12:59 INFO  : 'configparams force-mem-access 1' command is executed.
01:12:59 INFO  : Context for 'APU' is selected.
01:12:59 INFO  : 'stop' command is executed.
01:13:00 INFO  : 'ps7_init' command is executed.
01:13:00 INFO  : 'ps7_post_config' command is executed.
01:13:00 INFO  : Context for processor 'ps7_cortexa9_0' is selected.
01:13:00 INFO  : Processor reset is completed for 'ps7_cortexa9_0'.
01:13:00 INFO  : Context for processor 'ps7_cortexa9_0' is selected.
01:13:00 INFO  : The application '/home/daniel/Documents/VHDL/zynqgpios/zynqgpios.sdk/gpiobsp_xgpio_example_1/Debug/gpiobsp_xgpio_example_1.elf' is downloaded to processor 'ps7_cortexa9_0'.
01:13:00 INFO  : 'configparams force-mem-access 0' command is executed.
01:13:00 INFO  : ----------------XSDB Script----------------
connect -url tcp:127.0.0.1:3121
source /home/daniel/Documents/VHDL/zynqgpios/zynqgpios.sdk/design_1_wrapper_hw_platform_0/ps7_init.tcl
targets -set -nocase -filter {name =~"APU*" && jtag_cable_name =~ "Xilinx PYNQ-Z1 003017ABD8ADA"} -index 0
loadhw -hw /home/daniel/Documents/VHDL/zynqgpios/zynqgpios.sdk/design_1_wrapper_hw_platform_0/system.hdf -mem-ranges [list {0x40000000 0xbfffffff}]
configparams force-mem-access 1
targets -set -nocase -filter {name =~"APU*" && jtag_cable_name =~ "Xilinx PYNQ-Z1 003017ABD8ADA"} -index 0
stop
ps7_init
ps7_post_config
targets -set -nocase -filter {name =~ "ARM*#0" && jtag_cable_name =~ "Xilinx PYNQ-Z1 003017ABD8ADA"} -index 0
rst -processor
targets -set -nocase -filter {name =~ "ARM*#0" && jtag_cable_name =~ "Xilinx PYNQ-Z1 003017ABD8ADA"} -index 0
dow /home/daniel/Documents/VHDL/zynqgpios/zynqgpios.sdk/gpiobsp_xgpio_example_1/Debug/gpiobsp_xgpio_example_1.elf
configparams force-mem-access 0
----------------End of Script----------------

01:13:00 INFO  : Context for processor 'ps7_cortexa9_0' is selected.
01:13:00 INFO  : 'con' command is executed.
01:13:00 INFO  : ----------------XSDB Script (After Launch)----------------
targets -set -nocase -filter {name =~ "ARM*#0" && jtag_cable_name =~ "Xilinx PYNQ-Z1 003017ABD8ADA"} -index 0
con
----------------End of Script----------------

01:13:00 INFO  : Disconnected from the channel tcfchan#2.
01:13:47 INFO  : 'targets -set -filter {jtag_cable_name =~ "Xilinx PYNQ-Z1 003017ABD8ADA" && level==0} -index 1' command is executed.
01:13:47 INFO  : 'fpga -state' command is executed.
01:13:47 INFO  : Connected to target on host '127.0.0.1' and port '3121'.
01:13:47 INFO  : Jtag cable 'Xilinx PYNQ-Z1 003017ABD8ADA' is selected.
01:13:47 INFO  : 'jtag frequency' command is executed.
01:13:48 INFO  : Sourcing of '/home/daniel/Documents/VHDL/zynqgpios/zynqgpios.sdk/design_1_wrapper_hw_platform_0/ps7_init.tcl' is done.
01:13:48 INFO  : Context for 'APU' is selected.
01:13:49 INFO  : Hardware design information is loaded from '/home/daniel/Documents/VHDL/zynqgpios/zynqgpios.sdk/design_1_wrapper_hw_platform_0/system.hdf'.
01:13:49 INFO  : 'configparams force-mem-access 1' command is executed.
01:13:49 INFO  : Context for 'APU' is selected.
01:13:49 INFO  : 'stop' command is executed.
01:13:49 INFO  : 'ps7_init' command is executed.
01:13:49 INFO  : 'ps7_post_config' command is executed.
01:13:49 INFO  : Context for processor 'ps7_cortexa9_0' is selected.
01:13:49 INFO  : Processor reset is completed for 'ps7_cortexa9_0'.
01:13:49 INFO  : Context for processor 'ps7_cortexa9_0' is selected.
01:13:49 INFO  : The application '/home/daniel/Documents/VHDL/zynqgpios/zynqgpios.sdk/gpiobsp_xgpio_example_1/Debug/gpiobsp_xgpio_example_1.elf' is downloaded to processor 'ps7_cortexa9_0'.
01:13:49 INFO  : 'configparams force-mem-access 0' command is executed.
01:13:49 INFO  : ----------------XSDB Script----------------
connect -url tcp:127.0.0.1:3121
source /home/daniel/Documents/VHDL/zynqgpios/zynqgpios.sdk/design_1_wrapper_hw_platform_0/ps7_init.tcl
targets -set -nocase -filter {name =~"APU*" && jtag_cable_name =~ "Xilinx PYNQ-Z1 003017ABD8ADA"} -index 0
loadhw -hw /home/daniel/Documents/VHDL/zynqgpios/zynqgpios.sdk/design_1_wrapper_hw_platform_0/system.hdf -mem-ranges [list {0x40000000 0xbfffffff}]
configparams force-mem-access 1
targets -set -nocase -filter {name =~"APU*" && jtag_cable_name =~ "Xilinx PYNQ-Z1 003017ABD8ADA"} -index 0
stop
ps7_init
ps7_post_config
targets -set -nocase -filter {name =~ "ARM*#0" && jtag_cable_name =~ "Xilinx PYNQ-Z1 003017ABD8ADA"} -index 0
rst -processor
targets -set -nocase -filter {name =~ "ARM*#0" && jtag_cable_name =~ "Xilinx PYNQ-Z1 003017ABD8ADA"} -index 0
dow /home/daniel/Documents/VHDL/zynqgpios/zynqgpios.sdk/gpiobsp_xgpio_example_1/Debug/gpiobsp_xgpio_example_1.elf
configparams force-mem-access 0
----------------End of Script----------------

01:13:49 INFO  : Context for processor 'ps7_cortexa9_0' is selected.
01:13:50 INFO  : 'con' command is executed.
01:13:50 INFO  : ----------------XSDB Script (After Launch)----------------
targets -set -nocase -filter {name =~ "ARM*#0" && jtag_cable_name =~ "Xilinx PYNQ-Z1 003017ABD8ADA"} -index 0
con
----------------End of Script----------------

01:13:50 INFO  : Disconnected from the channel tcfchan#3.
01:14:59 INFO  : 'targets -set -filter {jtag_cable_name =~ "Xilinx PYNQ-Z1 003017ABD8ADA" && level==0} -index 1' command is executed.
01:14:59 INFO  : 'fpga -state' command is executed.
01:14:59 INFO  : Connected to target on host '127.0.0.1' and port '3121'.
01:14:59 INFO  : Jtag cable 'Xilinx PYNQ-Z1 003017ABD8ADA' is selected.
01:14:59 INFO  : 'jtag frequency' command is executed.
01:14:59 INFO  : Sourcing of '/home/daniel/Documents/VHDL/zynqgpios/zynqgpios.sdk/design_1_wrapper_hw_platform_0/ps7_init.tcl' is done.
01:14:59 INFO  : Context for 'APU' is selected.
01:15:00 INFO  : Hardware design information is loaded from '/home/daniel/Documents/VHDL/zynqgpios/zynqgpios.sdk/design_1_wrapper_hw_platform_0/system.hdf'.
01:15:00 INFO  : 'configparams force-mem-access 1' command is executed.
01:15:00 INFO  : Context for 'APU' is selected.
01:15:00 INFO  : 'stop' command is executed.
01:15:01 INFO  : 'ps7_init' command is executed.
01:15:01 INFO  : 'ps7_post_config' command is executed.
01:15:01 INFO  : Context for processor 'ps7_cortexa9_0' is selected.
01:15:01 INFO  : Processor reset is completed for 'ps7_cortexa9_0'.
01:15:01 INFO  : Context for processor 'ps7_cortexa9_0' is selected.
01:15:01 INFO  : The application '/home/daniel/Documents/VHDL/zynqgpios/zynqgpios.sdk/gpiobsp_xgpio_example_1/Debug/gpiobsp_xgpio_example_1.elf' is downloaded to processor 'ps7_cortexa9_0'.
01:15:01 INFO  : 'configparams force-mem-access 0' command is executed.
01:15:01 INFO  : ----------------XSDB Script----------------
connect -url tcp:127.0.0.1:3121
source /home/daniel/Documents/VHDL/zynqgpios/zynqgpios.sdk/design_1_wrapper_hw_platform_0/ps7_init.tcl
targets -set -nocase -filter {name =~"APU*" && jtag_cable_name =~ "Xilinx PYNQ-Z1 003017ABD8ADA"} -index 0
loadhw -hw /home/daniel/Documents/VHDL/zynqgpios/zynqgpios.sdk/design_1_wrapper_hw_platform_0/system.hdf -mem-ranges [list {0x40000000 0xbfffffff}]
configparams force-mem-access 1
targets -set -nocase -filter {name =~"APU*" && jtag_cable_name =~ "Xilinx PYNQ-Z1 003017ABD8ADA"} -index 0
stop
ps7_init
ps7_post_config
targets -set -nocase -filter {name =~ "ARM*#0" && jtag_cable_name =~ "Xilinx PYNQ-Z1 003017ABD8ADA"} -index 0
rst -processor
targets -set -nocase -filter {name =~ "ARM*#0" && jtag_cable_name =~ "Xilinx PYNQ-Z1 003017ABD8ADA"} -index 0
dow /home/daniel/Documents/VHDL/zynqgpios/zynqgpios.sdk/gpiobsp_xgpio_example_1/Debug/gpiobsp_xgpio_example_1.elf
configparams force-mem-access 0
----------------End of Script----------------

01:15:01 INFO  : Context for processor 'ps7_cortexa9_0' is selected.
01:15:01 INFO  : 'con' command is executed.
01:15:01 INFO  : ----------------XSDB Script (After Launch)----------------
targets -set -nocase -filter {name =~ "ARM*#0" && jtag_cable_name =~ "Xilinx PYNQ-Z1 003017ABD8ADA"} -index 0
con
----------------End of Script----------------

01:15:01 INFO  : Disconnected from the channel tcfchan#4.
01:15:43 INFO  : Example project gpiobsp_xuartps_hello_world_example_1 has been created successfully.
01:16:49 INFO  : Example project gpiobsp_xuartps_polled_example_1 has been created successfully.
01:16:50 INFO  : Example project gpiobsp_xuartps_intr_example_1 has been created successfully.
02:34:04 INFO  : Registering command handlers for SDK TCF services
02:34:05 INFO  : Launching XSCT server: xsct -n -interactive /home/daniel/Documents/VHDL/zynqgpios/zynqgpios.sdk/temp_xsdb_launch_script.tcl
02:34:07 INFO  : XSCT server has started successfully.
02:34:07 INFO  : Successfully done setting XSCT server connection channel  
02:34:07 INFO  : Successfully done setting SDK workspace  
02:34:07 INFO  : Processing command line option -hwspec /home/daniel/Documents/VHDL/zynqgpios/zynqgpios.sdk/design_1_wrapper.hdf.
02:34:07 INFO  : Checking for hwspec changes in the project design_1_wrapper_hw_platform_0.
