Command line:
   tb_main_isim_beh.exe
     -simmode  gui
     -simrunnum  0
     -socket  52290

Fri Nov 09 16:58:45 2018


 Elaboration Time: 0.09375 sec

 Current Memory Usage: 5331.53 Meg

 Total Signals          : 26
 Total Nets             : 72
 Total Signal Drivers   : 12
 Total Blocks           : 7
 Total Primitive Blocks : 5
 Total Processes        : 12
 Total Traceable Variables  : 14
 Total Scalar Nets and Variables : 556
Total Line Count : 26

 Total Simulation Time: 49.8125 sec

 Current Memory Usage: 5174.25 Meg

Fri Nov 09 17:00:22 2018

