Release 14.7 - xst P.20131013 (nt64)
Copyright (c) 1995-2013 Xilinx, Inc.  All rights reserved.
--> Parameter TMPDIR set to xst/projnav.tmp


Total REAL time to Xst completion: 0.00 secs
Total CPU time to Xst completion: 0.24 secs
 
--> Parameter xsthdpdir set to xst


Total REAL time to Xst completion: 0.00 secs
Total CPU time to Xst completion: 0.24 secs
 
--> Reading design: mainout.prj

TABLE OF CONTENTS
  1) Synthesis Options Summary
  2) HDL Compilation
  3) Design Hierarchy Analysis
  4) HDL Analysis
  5) HDL Synthesis
     5.1) HDL Synthesis Report
  6) Advanced HDL Synthesis
     6.1) Advanced HDL Synthesis Report
  7) Low Level Synthesis
  8) Partition Report
  9) Final Report
	9.1) Device utilization summary
	9.2) Partition Resource Summary
	9.3) TIMING REPORT


=========================================================================
*                      Synthesis Options Summary                        *
=========================================================================
---- Source Parameters
Input File Name                    : "mainout.prj"
Input Format                       : mixed
Ignore Synthesis Constraint File   : NO

---- Target Parameters
Output File Name                   : "mainout"
Output Format                      : NGC
Target Device                      : xc3s500e-4-fg320

---- Source Options
Top Module Name                    : mainout
Automatic FSM Extraction           : YES
FSM Encoding Algorithm             : Auto
Safe Implementation                : No
FSM Style                          : LUT
RAM Extraction                     : Yes
RAM Style                          : Auto
ROM Extraction                     : Yes
Mux Style                          : Auto
Decoder Extraction                 : YES
Priority Encoder Extraction        : Yes
Shift Register Extraction          : YES
Logical Shifter Extraction         : YES
XOR Collapsing                     : YES
ROM Style                          : Auto
Mux Extraction                     : Yes
Resource Sharing                   : YES
Asynchronous To Synchronous        : NO
Multiplier Style                   : Auto
Automatic Register Balancing       : No

---- Target Options
Add IO Buffers                     : YES
Global Maximum Fanout              : 500
Add Generic Clock Buffer(BUFG)     : 24
Register Duplication               : YES
Slice Packing                      : YES
Optimize Instantiated Primitives   : NO
Use Clock Enable                   : Yes
Use Synchronous Set                : Yes
Use Synchronous Reset              : Yes
Pack IO Registers into IOBs        : Auto
Equivalent register Removal        : YES

---- General Options
Optimization Goal                  : Speed
Optimization Effort                : 1
Keep Hierarchy                     : No
Netlist Hierarchy                  : As_Optimized
RTL Output                         : Yes
Global Optimization                : AllClockNets
Read Cores                         : YES
Write Timing Constraints           : NO
Cross Clock Analysis               : NO
Hierarchy Separator                : /
Bus Delimiter                      : <>
Case Specifier                     : Maintain
Slice Utilization Ratio            : 100
BRAM Utilization Ratio             : 100
Verilog 2001                       : YES
Auto BRAM Packing                  : NO
Slice Utilization Ratio Delta      : 5

=========================================================================


=========================================================================
*                          HDL Compilation                              *
=========================================================================
Compiling vhdl file "C:/Users/darko/OneDrive/Documentos/VH/pwm1/mainout.vhd" in Library work.
Entity <mainout> compiled.
Entity <mainout> (Architecture <Behavioral>) compiled.

=========================================================================
*                     Design Hierarchy Analysis                         *
=========================================================================
Analyzing hierarchy for entity <mainout> in library <work> (architecture <Behavioral>).


=========================================================================
*                            HDL Analysis                               *
=========================================================================
Analyzing Entity <mainout> in library <work> (Architecture <Behavioral>).
Entity <mainout> analyzed. Unit <mainout> generated.


=========================================================================
*                           HDL Synthesis                               *
=========================================================================

Performing bidirectional port resolution...

Synthesizing Unit <mainout>.
    Related source file is "C:/Users/darko/OneDrive/Documentos/VH/pwm1/mainout.vhd".
    Found 8-bit comparator less for signal <pwm_out$cmp_lt0000> created at line 51.
    Found 8-bit up counter for signal <pwm_reg>.
    Summary:
	inferred   1 Counter(s).
	inferred   1 Comparator(s).
Unit <mainout> synthesized.


=========================================================================
HDL Synthesis Report

Macro Statistics
# Counters                                             : 1
 8-bit up counter                                      : 1
# Comparators                                          : 1
 8-bit comparator less                                 : 1

=========================================================================

=========================================================================
*                       Advanced HDL Synthesis                          *
=========================================================================


=========================================================================
Advanced HDL Synthesis Report

Macro Statistics
# Counters                                             : 1
 8-bit up counter                                      : 1
# Comparators                                          : 1
 8-bit comparator less                                 : 1

=========================================================================

=========================================================================
*                         Low Level Synthesis                           *
=========================================================================

Optimizing unit <mainout> ...

Mapping all equations...
Building and optimizing final netlist ...
Found area constraint ratio of 100 (+ 5) on block mainout, actual ratio is 0.

Final Macro Processing ...

=========================================================================
Final Register Report

Macro Statistics
# Registers                                            : 8
 Flip-Flops                                            : 8

=========================================================================

=========================================================================
*                           Partition Report                            *
=========================================================================

Partition Implementation Status
-------------------------------

  No Partitions were found in this design.

-------------------------------

=========================================================================
*                            Final Report                               *
=========================================================================
Final Results
RTL Top Level Output File Name     : mainout.ngr
Top Level Output File Name         : mainout
Output Format                      : NGC
Optimization Goal                  : Speed
Keep Hierarchy                     : No

Design Statistics
# IOs                              : 11

Cell Usage :
# BELS                             : 42
#      GND                         : 1
#      INV                         : 2
#      LUT1                        : 7
#      LUT2                        : 8
#      MUXCY                       : 15
#      VCC                         : 1
#      XORCY                       : 8
# FlipFlops/Latches                : 8
#      FDC                         : 8
# Clock Buffers                    : 1
#      BUFGP                       : 1
# IO Buffers                       : 10
#      IBUF                        : 9
#      OBUF                        : 1
=========================================================================

Device utilization summary:
---------------------------

Selected Device : 3s500efg320-4 

 Number of Slices:                        8  out of   4656     0%  
 Number of Slice Flip Flops:              8  out of   9312     0%  
 Number of 4 input LUTs:                 17  out of   9312     0%  
 Number of IOs:                          11
 Number of bonded IOBs:                  11  out of    232     4%  
 Number of GCLKs:                         1  out of     24     4%  

---------------------------
Partition Resource Summary:
---------------------------

  No Partitions were found in this design.

---------------------------


=========================================================================
TIMING REPORT

NOTE: THESE TIMING NUMBERS ARE ONLY A SYNTHESIS ESTIMATE.
      FOR ACCURATE TIMING INFORMATION PLEASE REFER TO THE TRACE REPORT
      GENERATED AFTER PLACE-and-ROUTE.

Clock Information:
------------------
-----------------------------------+------------------------+-------+
Clock Signal                       | Clock buffer(FF name)  | Load  |
-----------------------------------+------------------------+-------+
clk                                | BUFGP                  | 8     |
-----------------------------------+------------------------+-------+

Asynchronous Control Signals Information:
----------------------------------------
-----------------------------------+------------------------+-------+
Control Signal                     | Buffer(FF name)        | Load  |
-----------------------------------+------------------------+-------+
reset                              | IBUF                   | 8     |
-----------------------------------+------------------------+-------+

Timing Summary:
---------------
Speed Grade: -4

   Minimum period: 3.788ns (Maximum Frequency: 263.992MHz)
   Minimum input arrival time before clock: No path found
   Maximum output required time after clock: 8.010ns
   Maximum combinational path delay: 8.514ns

Timing Detail:
--------------
All values displayed in nanoseconds (ns)

=========================================================================
Timing constraint: Default period analysis for Clock 'clk'
  Clock period: 3.788ns (frequency: 263.992MHz)
  Total number of paths / destination ports: 36 / 8
-------------------------------------------------------------------------
Delay:               3.788ns (Levels of Logic = 8)
  Source:            pwm_reg_1 (FF)
  Destination:       pwm_reg_7 (FF)
  Source Clock:      clk rising
  Destination Clock: clk rising

  Data Path: pwm_reg_1 to pwm_reg_7
                                Gate     Net
    Cell:in->out      fanout   Delay   Delay  Logical Name (Net Name)
    ----------------------------------------  ------------
     FDC:C->Q              2   0.591   0.622  pwm_reg_1 (pwm_reg_1)
     LUT1:I0->O            1   0.704   0.000  Mcount_pwm_reg_cy<1>_rt (Mcount_pwm_reg_cy<1>_rt)
     MUXCY:S->O            1   0.464   0.000  Mcount_pwm_reg_cy<1> (Mcount_pwm_reg_cy<1>)
     MUXCY:CI->O           1   0.059   0.000  Mcount_pwm_reg_cy<2> (Mcount_pwm_reg_cy<2>)
     MUXCY:CI->O           1   0.059   0.000  Mcount_pwm_reg_cy<3> (Mcount_pwm_reg_cy<3>)
     MUXCY:CI->O           1   0.059   0.000  Mcount_pwm_reg_cy<4> (Mcount_pwm_reg_cy<4>)
     MUXCY:CI->O           1   0.059   0.000  Mcount_pwm_reg_cy<5> (Mcount_pwm_reg_cy<5>)
     MUXCY:CI->O           0   0.059   0.000  Mcount_pwm_reg_cy<6> (Mcount_pwm_reg_cy<6>)
     XORCY:CI->O           1   0.804   0.000  Mcount_pwm_reg_xor<7> (Result<7>)
     FDC:D                     0.308          pwm_reg_7
    ----------------------------------------
    Total                      3.788ns (3.166ns logic, 0.622ns route)
                                       (83.6% logic, 16.4% route)

=========================================================================
Timing constraint: Default OFFSET OUT AFTER for Clock 'clk'
  Total number of paths / destination ports: 16 / 1
-------------------------------------------------------------------------
Offset:              8.010ns (Levels of Logic = 11)
  Source:            pwm_reg_0 (FF)
  Destination:       pwm_out (PAD)
  Source Clock:      clk rising

  Data Path: pwm_reg_0 to pwm_out
                                Gate     Net
    Cell:in->out      fanout   Delay   Delay  Logical Name (Net Name)
    ----------------------------------------  ------------
     FDC:C->Q              2   0.591   0.622  pwm_reg_0 (pwm_reg_0)
     LUT2:I0->O            1   0.704   0.000  Mcompar_pwm_out_cmp_lt0000_lut<0> (Mcompar_pwm_out_cmp_lt0000_lut<0>)
     MUXCY:S->O            1   0.464   0.000  Mcompar_pwm_out_cmp_lt0000_cy<0> (Mcompar_pwm_out_cmp_lt0000_cy<0>)
     MUXCY:CI->O           1   0.059   0.000  Mcompar_pwm_out_cmp_lt0000_cy<1> (Mcompar_pwm_out_cmp_lt0000_cy<1>)
     MUXCY:CI->O           1   0.059   0.000  Mcompar_pwm_out_cmp_lt0000_cy<2> (Mcompar_pwm_out_cmp_lt0000_cy<2>)
     MUXCY:CI->O           1   0.059   0.000  Mcompar_pwm_out_cmp_lt0000_cy<3> (Mcompar_pwm_out_cmp_lt0000_cy<3>)
     MUXCY:CI->O           1   0.059   0.000  Mcompar_pwm_out_cmp_lt0000_cy<4> (Mcompar_pwm_out_cmp_lt0000_cy<4>)
     MUXCY:CI->O           1   0.059   0.000  Mcompar_pwm_out_cmp_lt0000_cy<5> (Mcompar_pwm_out_cmp_lt0000_cy<5>)
     MUXCY:CI->O           1   0.059   0.000  Mcompar_pwm_out_cmp_lt0000_cy<6> (Mcompar_pwm_out_cmp_lt0000_cy<6>)
     MUXCY:CI->O           1   0.459   0.420  Mcompar_pwm_out_cmp_lt0000_cy<7> (Mcompar_pwm_out_cmp_lt0000_cy<7>)
     INV:I->O              1   0.704   0.420  Mcompar_pwm_out_cmp_lt0000_cy<7>_inv_INV_0 (pwm_out_OBUF)
     OBUF:I->O                 3.272          pwm_out_OBUF (pwm_out)
    ----------------------------------------
    Total                      8.010ns (6.548ns logic, 1.462ns route)
                                       (81.7% logic, 18.3% route)

=========================================================================
Timing constraint: Default path analysis
  Total number of paths / destination ports: 8 / 1
-------------------------------------------------------------------------
Delay:               8.514ns (Levels of Logic = 12)
  Source:            duty<0> (PAD)
  Destination:       pwm_out (PAD)

  Data Path: duty<0> to pwm_out
                                Gate     Net
    Cell:in->out      fanout   Delay   Delay  Logical Name (Net Name)
    ----------------------------------------  ------------
     IBUF:I->O             1   1.218   0.499  duty_0_IBUF (duty_0_IBUF)
     LUT2:I1->O            1   0.704   0.000  Mcompar_pwm_out_cmp_lt0000_lut<0> (Mcompar_pwm_out_cmp_lt0000_lut<0>)
     MUXCY:S->O            1   0.464   0.000  Mcompar_pwm_out_cmp_lt0000_cy<0> (Mcompar_pwm_out_cmp_lt0000_cy<0>)
     MUXCY:CI->O           1   0.059   0.000  Mcompar_pwm_out_cmp_lt0000_cy<1> (Mcompar_pwm_out_cmp_lt0000_cy<1>)
     MUXCY:CI->O           1   0.059   0.000  Mcompar_pwm_out_cmp_lt0000_cy<2> (Mcompar_pwm_out_cmp_lt0000_cy<2>)
     MUXCY:CI->O           1   0.059   0.000  Mcompar_pwm_out_cmp_lt0000_cy<3> (Mcompar_pwm_out_cmp_lt0000_cy<3>)
     MUXCY:CI->O           1   0.059   0.000  Mcompar_pwm_out_cmp_lt0000_cy<4> (Mcompar_pwm_out_cmp_lt0000_cy<4>)
     MUXCY:CI->O           1   0.059   0.000  Mcompar_pwm_out_cmp_lt0000_cy<5> (Mcompar_pwm_out_cmp_lt0000_cy<5>)
     MUXCY:CI->O           1   0.059   0.000  Mcompar_pwm_out_cmp_lt0000_cy<6> (Mcompar_pwm_out_cmp_lt0000_cy<6>)
     MUXCY:CI->O           1   0.459   0.420  Mcompar_pwm_out_cmp_lt0000_cy<7> (Mcompar_pwm_out_cmp_lt0000_cy<7>)
     INV:I->O              1   0.704   0.420  Mcompar_pwm_out_cmp_lt0000_cy<7>_inv_INV_0 (pwm_out_OBUF)
     OBUF:I->O                 3.272          pwm_out_OBUF (pwm_out)
    ----------------------------------------
    Total                      8.514ns (7.175ns logic, 1.339ns route)
                                       (84.3% logic, 15.7% route)

=========================================================================


Total REAL time to Xst completion: 13.00 secs
Total CPU time to Xst completion: 12.78 secs
 
--> 

Total memory usage is 4533948 kilobytes

Number of errors   :    0 (   0 filtered)
Number of warnings :    0 (   0 filtered)
Number of infos    :    0 (   0 filtered)

