Vivado Simulator 2018.2
Copyright 1986-1999, 2001-2018 Xilinx, Inc. All Rights Reserved.
Running: C:/Xilinx/Vivado/2018.2/bin/unwrapped/win64.o/xelab.exe -wto 4a56bf29c9e34d20af8ad1f841e31ba0 --incr --debug typical --relax --mt 2 -L xil_defaultlib -L secureip --snapshot entb_behav xil_defaultlib.entb -log elaborate.log 
Using 2 slave threads.
Starting static elaboration
Completed static elaboration
Starting simulation data flow analysis
Completed simulation data flow analysis
Time Resolution for simulation is 1ps
Compiling package std.standard
Compiling package std.textio
Compiling package ieee.std_logic_1164
Compiling package ieee.numeric_std
Compiling architecture behavioral of entity xil_defaultlib.divisor [divisor_default]
Compiling architecture behavioral of entity xil_defaultlib.contseg [contseg_default]
Compiling architecture behavioral of entity xil_defaultlib.minutos [minutos_default]
Compiling architecture behavioral of entity xil_defaultlib.horas [horas_default]
Compiling architecture behavioral of entity xil_defaultlib.main [main_default]
Compiling architecture behavior of entity xil_defaultlib.entb
Built simulation snapshot entb_behav
