Copyright 1986-2018 Xilinx, Inc. All Rights Reserved.
------------------------------------------------------------------------------------
| Tool Version : Vivado v.2018.3 (lin64) Build 2405991 Thu Dec  6 23:36:41 MST 2018
| Date         : Wed Apr 10 23:31:32 2019
| Host         : daniel-X510UAR running 64-bit Ubuntu 18.04.2 LTS
| Command      : upgrade_ip
| Device       : xc7z020clg400-1
------------------------------------------------------------------------------------

Upgrade Log for IP 'practica_picoblaze_0_0'

1. Summary
----------

SUCCESS in the upgrade of practica_picoblaze_0_0 (user.org:user:picoblaze:2.0) from (Rev. 24) to (Rev. 26)






Copyright 1986-2018 Xilinx, Inc. All Rights Reserved.
------------------------------------------------------------------------------------
| Tool Version : Vivado v.2018.3 (lin64) Build 2405991 Thu Dec  6 23:36:41 MST 2018
| Date         : Wed Apr 10 23:25:05 2019
| Host         : daniel-X510UAR running 64-bit Ubuntu 18.04.2 LTS
| Command      : upgrade_ip
| Device       : xc7z020clg400-1
------------------------------------------------------------------------------------

Upgrade Log for IP 'practica_picoblaze_0_0'

1. Summary
----------

SUCCESS in the upgrade of practica_picoblaze_0_0 (user.org:user:picoblaze:2.0) from (Rev. 23) to (Rev. 24)






Copyright 1986-2018 Xilinx, Inc. All Rights Reserved.
------------------------------------------------------------------------------------
| Tool Version : Vivado v.2018.3 (lin64) Build 2405991 Thu Dec  6 23:36:41 MST 2018
| Date         : Wed Apr 10 23:18:42 2019
| Host         : daniel-X510UAR running 64-bit Ubuntu 18.04.2 LTS
| Command      : upgrade_ip
| Device       : xc7z020clg400-1
------------------------------------------------------------------------------------

Upgrade Log for IP 'practica_picoblaze_0_0'

1. Summary
----------

SUCCESS in the upgrade of practica_picoblaze_0_0 (user.org:user:picoblaze:2.0) from (Rev. 21) to (Rev. 23)






Copyright 1986-2018 Xilinx, Inc. All Rights Reserved.
------------------------------------------------------------------------------------
| Tool Version : Vivado v.2018.3 (lin64) Build 2405991 Thu Dec  6 23:36:41 MST 2018
| Date         : Wed Apr 10 23:03:15 2019
| Host         : daniel-X510UAR running 64-bit Ubuntu 18.04.2 LTS
| Command      : upgrade_ip
| Device       : xc7z020clg400-1
------------------------------------------------------------------------------------

Upgrade Log for IP 'practica_picoblaze_0_0'

1. Summary
----------

SUCCESS in the upgrade of practica_picoblaze_0_0 (user.org:user:picoblaze:2.0) from (Rev. 20) to (Rev. 21)






Copyright 1986-2018 Xilinx, Inc. All Rights Reserved.
------------------------------------------------------------------------------------
| Tool Version : Vivado v.2018.3 (lin64) Build 2405991 Thu Dec  6 23:36:41 MST 2018
| Date         : Wed Apr 10 22:44:23 2019
| Host         : daniel-X510UAR running 64-bit Ubuntu 18.04.2 LTS
| Command      : upgrade_ip
| Device       : xc7z020clg400-1
------------------------------------------------------------------------------------

Upgrade Log for IP 'practica_picoblaze_0_0'

1. Summary
----------

SUCCESS in the upgrade of practica_picoblaze_0_0 (user.org:user:picoblaze:2.0) from (Rev. 19) to (Rev. 20)






Copyright 1986-2018 Xilinx, Inc. All Rights Reserved.
------------------------------------------------------------------------------------
| Tool Version : Vivado v.2018.3 (lin64) Build 2405991 Thu Dec  6 23:36:41 MST 2018
| Date         : Wed Apr 10 22:37:20 2019
| Host         : daniel-X510UAR running 64-bit Ubuntu 18.04.2 LTS
| Command      : upgrade_ip
| Device       : xc7z020clg400-1
------------------------------------------------------------------------------------

Upgrade Log for IP 'practica_picoblaze_0_0'

1. Summary
----------

SUCCESS in the upgrade of practica_picoblaze_0_0 (user.org:user:picoblaze:2.0) from (Rev. 18) to (Rev. 19)






Copyright 1986-2018 Xilinx, Inc. All Rights Reserved.
------------------------------------------------------------------------------------
| Tool Version : Vivado v.2018.3 (lin64) Build 2405991 Thu Dec  6 23:36:41 MST 2018
| Date         : Wed Apr 10 22:24:35 2019
| Host         : daniel-X510UAR running 64-bit Ubuntu 18.04.2 LTS
| Command      : upgrade_ip
| Device       : xc7z020clg400-1
------------------------------------------------------------------------------------

Upgrade Log for IP 'practica_picoblaze_0_0'

1. Summary
----------

SUCCESS in the upgrade of practica_picoblaze_0_0 (user.org:user:picoblaze:2.0) from (Rev. 16) to (Rev. 18)






Copyright 1986-2018 Xilinx, Inc. All Rights Reserved.
------------------------------------------------------------------------------------
| Tool Version : Vivado v.2018.3 (lin64) Build 2405991 Thu Dec  6 23:36:41 MST 2018
| Date         : Wed Apr 10 22:15:18 2019
| Host         : daniel-X510UAR running 64-bit Ubuntu 18.04.2 LTS
| Command      : upgrade_ip
| Device       : xc7z020clg400-1
------------------------------------------------------------------------------------

Upgrade Log for IP 'practica_picoblaze_0_0'

1. Summary
----------

SUCCESS in the upgrade of practica_picoblaze_0_0 (user.org:user:picoblaze:2.0) from (Rev. 14) to (Rev. 16)






Copyright 1986-2018 Xilinx, Inc. All Rights Reserved.
------------------------------------------------------------------------------------
| Tool Version : Vivado v.2018.3 (lin64) Build 2405991 Thu Dec  6 23:36:41 MST 2018
| Date         : Wed Apr 10 22:08:23 2019
| Host         : daniel-X510UAR running 64-bit Ubuntu 18.04.2 LTS
| Command      : upgrade_ip
| Device       : xc7z020clg400-1
------------------------------------------------------------------------------------

Upgrade Log for IP 'practica_picoblaze_0_0'

1. Summary
----------

SUCCESS in the upgrade of practica_picoblaze_0_0 (user.org:user:picoblaze:2.0) from (Rev. 13) to (Rev. 14)






Copyright 1986-2018 Xilinx, Inc. All Rights Reserved.
------------------------------------------------------------------------------------
| Tool Version : Vivado v.2018.3 (lin64) Build 2405991 Thu Dec  6 23:36:41 MST 2018
| Date         : Wed Apr 10 21:59:11 2019
| Host         : daniel-X510UAR running 64-bit Ubuntu 18.04.2 LTS
| Command      : upgrade_ip
| Device       : xc7z020clg400-1
------------------------------------------------------------------------------------

Upgrade Log for IP 'practica_picoblaze_0_0'

1. Summary
----------

SUCCESS in the upgrade of practica_picoblaze_0_0 (user.org:user:picoblaze:2.0) from (Rev. 12) to (Rev. 13)






Copyright 1986-2018 Xilinx, Inc. All Rights Reserved.
------------------------------------------------------------------------------------
| Tool Version : Vivado v.2018.3 (lin64) Build 2405991 Thu Dec  6 23:36:41 MST 2018
| Date         : Wed Apr 10 21:34:37 2019
| Host         : daniel-X510UAR running 64-bit Ubuntu 18.04.2 LTS
| Command      : upgrade_ip
| Device       : xc7z020clg400-1
------------------------------------------------------------------------------------

Upgrade Log for IP 'practica_picoblaze_0_0'

1. Summary
----------

SUCCESS in the upgrade of practica_picoblaze_0_0 (user.org:user:picoblaze:2.0) from (Rev. 11) to (Rev. 12)






Copyright 1986-2018 Xilinx, Inc. All Rights Reserved.
------------------------------------------------------------------------------------
| Tool Version : Vivado v.2018.3 (lin64) Build 2405991 Thu Dec  6 23:36:41 MST 2018
| Date         : Wed Apr 10 21:23:20 2019
| Host         : daniel-X510UAR running 64-bit Ubuntu 18.04.2 LTS
| Command      : upgrade_ip
| Device       : xc7z020clg400-1
------------------------------------------------------------------------------------

Upgrade Log for IP 'practica_picoblaze_0_0'

1. Summary
----------

SUCCESS in the upgrade of practica_picoblaze_0_0 (user.org:user:picoblaze:2.0) from (Rev. 10) to (Rev. 11)






Copyright 1986-2018 Xilinx, Inc. All Rights Reserved.
------------------------------------------------------------------------------------
| Tool Version : Vivado v.2018.3 (lin64) Build 2405991 Thu Dec  6 23:36:41 MST 2018
| Date         : Wed Apr 10 21:12:54 2019
| Host         : daniel-X510UAR running 64-bit Ubuntu 18.04.2 LTS
| Command      : upgrade_ip
| Device       : xc7z020clg400-1
------------------------------------------------------------------------------------

Upgrade Log for IP 'practica_picoblaze_0_0'

1. Summary
----------

SUCCESS in the upgrade of practica_picoblaze_0_0 (user.org:user:picoblaze:2.0) from (Rev. 9) to (Rev. 10)






Copyright 1986-2018 Xilinx, Inc. All Rights Reserved.
------------------------------------------------------------------------------------
| Tool Version : Vivado v.2018.3 (lin64) Build 2405991 Thu Dec  6 23:36:41 MST 2018
| Date         : Wed Apr 10 21:02:21 2019
| Host         : daniel-X510UAR running 64-bit Ubuntu 18.04.2 LTS
| Command      : upgrade_ip
| Device       : xc7z020clg400-1
------------------------------------------------------------------------------------

Upgrade Log for IP 'practica_picoblaze_0_0'

1. Summary
----------

SUCCESS in the upgrade of practica_picoblaze_0_0 (user.org:user:picoblaze:2.0) from (Rev. 8) to (Rev. 9)






Copyright 1986-2018 Xilinx, Inc. All Rights Reserved.
------------------------------------------------------------------------------------
| Tool Version : Vivado v.2018.3 (lin64) Build 2405991 Thu Dec  6 23:36:41 MST 2018
| Date         : Wed Apr 10 20:49:15 2019
| Host         : daniel-X510UAR running 64-bit Ubuntu 18.04.2 LTS
| Command      : upgrade_ip
| Device       : xc7z020clg400-1
------------------------------------------------------------------------------------

Upgrade Log for IP 'practica_picoblaze_0_0'

1. Summary
----------

SUCCESS in the upgrade of practica_picoblaze_0_0 from user.org:user:picoblaze:1.0 (Rev. 6) to user.org:user:picoblaze:2.0 (Rev. 8)

