Command line:
   entb_isim_beh.exe
     -simmode  gui
     -simrunnum  0
     -socket  51020

Mon Dec 03 13:12:42 2018


 Elaboration Time: 0.015625 sec

 Current Memory Usage: 5176.72 Meg

 Total Signals          : 35
 Total Nets             : 85
 Total Signal Drivers   : 16
 Total Blocks           : 8
 Total Primitive Blocks : 6
 Total Processes        : 16
 Total Traceable Variables  : 14
 Total Scalar Nets and Variables : 569
Total Line Count : 32
Total Line Count : 32
Total Line Count : 32

 Total Simulation Time: 37.6406 sec

 Current Memory Usage: 5019.44 Meg

Mon Dec 03 13:14:49 2018

