Running: C:\Xilinx\14.7\ISE_DS\ISE\bin\nt64\unwrapped\fuse.exe -intstyle ise -incremental -o C:/Users/darko/OneDrive/Documentos/VH/pwm1/tb_main_isim_beh.exe -prj C:/Users/darko/OneDrive/Documentos/VH/pwm1/tb_main_beh.prj work.tb_main 
ISim P.20131013 (signature 0x7708f090)
Number of CPUs detected in this system: 4
Turning on mult-threading, number of parallel sub-compilation jobs: 8 
Determining compilation order of HDL files
Parsing VHDL file "C:/Users/darko/OneDrive/Documentos/VH/pwm1/mainout.vhd" into library work
Parsing VHDL file "C:/Users/darko/OneDrive/Documentos/VH/pwm1/comp.vhd" into library work
Parsing VHDL file "C:/Users/darko/OneDrive/Documentos/VH/pwm1/main.vhd" into library work
Parsing VHDL file "C:/Users/darko/OneDrive/Documentos/VH/pwm1/tb_main.vhd" into library work
Starting static elaboration
Completed static elaboration
Compiling package standard
Compiling package std_logic_1164
Compiling package numeric_std
Compiling architecture behavioral of entity comp [comp_default]
Compiling architecture behavioral of entity mainout [mainout_default]
Compiling architecture behavioral of entity main [main_default]
Compiling architecture behavior of entity tb_main
Time Resolution for simulation is 1ps.
Compiled 10 VHDL Units
Built simulation executable C:/Users/darko/OneDrive/Documentos/VH/pwm1/tb_main_isim_beh.exe
Fuse Memory Usage: 34556 KB
Fuse CPU Usage: 953 ms
