ISim log file
Running: C:\Users\darko\Dropbox\VH\timeren\entb_isim_beh.exe -intstyle ise -gui -tclbatch isim.cmd -wdb C:/Users/darko/Dropbox/VH/timeren/entb_isim_beh.wdb 
ISim P.20131013 (signature 0x7708f090)
WARNING: A WEBPACK license was found.
WARNING: Please use Xilinx License Configuration Manager to check out a full ISim license.
WARNING: ISim will run in Lite mode. Please refer to the ISim documentation for more information on the differences between the Lite and the Full version.
This is a Lite version of ISim.
Time resolution is 1 ps
# onerror resume
# wave add /
# run 1000 ns
Simulator is doing circuit initialization process.
at 0 ps, Instance /entb/uut/Inst_divisor/ : Warning: NUMERIC_STD."=": metavalue detected, returning FALSE
at 0 ps, Instance /entb/uut/Inst_divisor/ : Warning: NUMERIC_STD."=": metavalue detected, returning FALSE
at 0 ps, Instance /entb/uut/Inst_contseg/ : Warning: NUMERIC_STD."=": metavalue detected, returning FALSE
at 0 ps, Instance /entb/uut/Inst_contseg/ : Warning: NUMERIC_STD."=": metavalue detected, returning FALSE
at 0 ps, Instance /entb/uut/Inst_minutos/ : Warning: NUMERIC_STD."=": metavalue detected, returning FALSE
at 0 ps, Instance /entb/uut/Inst_minutos/ : Warning: NUMERIC_STD."=": metavalue detected, returning FALSE
at 0 ps, Instance /entb/uut/Inst_horas/ : Warning: NUMERIC_STD."=": metavalue detected, returning FALSE
Finished circuit initialization process.
at 0 ps, Instance /entb/uut/Inst_minutos/ : Warning: NUMERIC_STD."=": metavalue detected, returning FALSE
at 0 ps, Instance /entb/uut/Inst_minutos/ : Warning: NUMERIC_STD."=": metavalue detected, returning FALSE
at 0 ps, Instance /entb/uut/Inst_horas/ : Warning: NUMERIC_STD."=": metavalue detected, returning FALSE
at 10 ns(2), Instance /entb/uut/Inst_divisor/ : Warning: NUMERIC_STD."=": metavalue detected, returning FALSE
at 10 ns(2), Instance /entb/uut/Inst_divisor/ : Warning: NUMERIC_STD."=": metavalue detected, returning FALSE
# run 1.00us
# run all
Stopped at time : 162761610 ns : File "C:/Users/darko/OneDrive/Documentos/VH/timeren/divisor.vhd" Line 55
# restart
# run 100 ms
Simulator is doing circuit initialization process.
at 0 ps, Instance /entb/uut/Inst_divisor/ : Warning: NUMERIC_STD."=": metavalue detected, returning FALSE
at 0 ps, Instance /entb/uut/Inst_divisor/ : Warning: NUMERIC_STD."=": metavalue detected, returning FALSE
at 0 ps, Instance /entb/uut/Inst_contseg/ : Warning: NUMERIC_STD."=": metavalue detected, returning FALSE
at 0 ps, Instance /entb/uut/Inst_contseg/ : Warning: NUMERIC_STD."=": metavalue detected, returning FALSE
at 0 ps, Instance /entb/uut/Inst_minutos/ : Warning: NUMERIC_STD."=": metavalue detected, returning FALSE
at 0 ps, Instance /entb/uut/Inst_minutos/ : Warning: NUMERIC_STD."=": metavalue detected, returning FALSE
at 0 ps, Instance /entb/uut/Inst_horas/ : Warning: NUMERIC_STD."=": metavalue detected, returning FALSE
Finished circuit initialization process.
at 0 ps, Instance /entb/uut/Inst_minutos/ : Warning: NUMERIC_STD."=": metavalue detected, returning FALSE
at 0 ps, Instance /entb/uut/Inst_minutos/ : Warning: NUMERIC_STD."=": metavalue detected, returning FALSE
at 0 ps, Instance /entb/uut/Inst_horas/ : Warning: NUMERIC_STD."=": metavalue detected, returning FALSE
at 10 ns(2), Instance /entb/uut/Inst_divisor/ : Warning: NUMERIC_STD."=": metavalue detected, returning FALSE
at 10 ns(2), Instance /entb/uut/Inst_divisor/ : Warning: NUMERIC_STD."=": metavalue detected, returning FALSE
Stopped at time : 42791630 ns : File "C:/Users/darko/OneDrive/Documentos/VH/timeren/divisor.vhd" Line 55
# restart
# run all
Simulator is doing circuit initialization process.
at 0 ps, Instance /entb/uut/Inst_divisor/ : Warning: NUMERIC_STD."=": metavalue detected, returning FALSE
at 0 ps, Instance /entb/uut/Inst_divisor/ : Warning: NUMERIC_STD."=": metavalue detected, returning FALSE
at 0 ps, Instance /entb/uut/Inst_contseg/ : Warning: NUMERIC_STD."=": metavalue detected, returning FALSE
at 0 ps, Instance /entb/uut/Inst_contseg/ : Warning: NUMERIC_STD."=": metavalue detected, returning FALSE
at 0 ps, Instance /entb/uut/Inst_minutos/ : Warning: NUMERIC_STD."=": metavalue detected, returning FALSE
at 0 ps, Instance /entb/uut/Inst_minutos/ : Warning: NUMERIC_STD."=": metavalue detected, returning FALSE
at 0 ps, Instance /entb/uut/Inst_horas/ : Warning: NUMERIC_STD."=": metavalue detected, returning FALSE
Finished circuit initialization process.
at 0 ps, Instance /entb/uut/Inst_minutos/ : Warning: NUMERIC_STD."=": metavalue detected, returning FALSE
at 0 ps, Instance /entb/uut/Inst_minutos/ : Warning: NUMERIC_STD."=": metavalue detected, returning FALSE
at 0 ps, Instance /entb/uut/Inst_horas/ : Warning: NUMERIC_STD."=": metavalue detected, returning FALSE
at 10 ns(2), Instance /entb/uut/Inst_divisor/ : Warning: NUMERIC_STD."=": metavalue detected, returning FALSE
at 10 ns(2), Instance /entb/uut/Inst_divisor/ : Warning: NUMERIC_STD."=": metavalue detected, returning FALSE
Stopped at time : 9276350 ns : File "C:/Users/darko/OneDrive/Documentos/VH/timeren/entb.vhd" Line 81
