18:18:31 INFO  : Registering command handlers for SDK TCF services
18:18:34 INFO  : Launching XSCT server: xsct -n -interactive /home/daniel/Documents/VHDL/zynqrtos/zynqrtos.sdk/temp_xsdb_launch_script.tcl
18:18:39 INFO  : XSCT server has started successfully.
18:18:44 INFO  : Successfully done setting XSCT server connection channel  
18:18:44 INFO  : Successfully done setting SDK workspace  
18:18:44 INFO  : Processing command line option -hwspec /home/daniel/Documents/VHDL/zynqrtos/zynqrtos.sdk/design_1_wrapper.hdf.
18:29:27 INFO  : Invoking Bootgen: bootgen -image TEST.bif -arch zynq -o /home/daniel/Documents/VHDL/zynqrtos/zynqrtos.sdk/TEST/bootimage/BOOT.bin
18:29:27 INFO  : Creating new bif file /home/daniel/Documents/VHDL/zynqrtos/zynqrtos.sdk/TEST/bootimage/TEST.bif
18:29:28 INFO  : Bootgen command execution is done.
18:30:41 INFO  : Connected to target on host '127.0.0.1' and port '3121'.
18:32:13 INFO  : Connected to target on host '127.0.0.1' and port '3121'.
18:32:13 INFO  : 'targets -set -filter {jtag_cable_name =~ "Xilinx PYNQ-Z1 003017ABD8ADA" && level==0} -index 1' command is executed.
18:32:16 INFO  : FPGA configured successfully with bitstream "/home/daniel/Documents/VHDL/zynqrtos/zynqrtos.sdk/design_1_wrapper_hw_platform_0/design_1_wrapper.bit"
18:32:29 INFO  : 'targets -set -filter {jtag_cable_name =~ "Xilinx PYNQ-Z1 003017ABD8ADA" && level==0} -index 1' command is executed.
18:32:29 INFO  : 'fpga -state' command is executed.
18:32:29 INFO  : Connected to target on host '127.0.0.1' and port '3121'.
18:32:29 INFO  : Jtag cable 'Xilinx PYNQ-Z1 003017ABD8ADA' is selected.
18:32:29 INFO  : 'jtag frequency' command is executed.
18:32:29 INFO  : Sourcing of '/home/daniel/Documents/VHDL/zynqrtos/zynqrtos.sdk/design_1_wrapper_hw_platform_0/ps7_init.tcl' is done.
18:32:29 INFO  : Context for 'APU' is selected.
18:32:30 INFO  : Hardware design information is loaded from '/home/daniel/Documents/VHDL/zynqrtos/zynqrtos.sdk/design_1_wrapper_hw_platform_0/system.hdf'.
18:32:30 INFO  : 'configparams force-mem-access 1' command is executed.
18:32:30 INFO  : Context for 'APU' is selected.
18:32:30 INFO  : 'stop' command is executed.
18:32:31 INFO  : 'ps7_init' command is executed.
18:32:31 INFO  : 'ps7_post_config' command is executed.
18:32:31 INFO  : Context for processor 'ps7_cortexa9_0' is selected.
18:32:31 INFO  : Processor reset is completed for 'ps7_cortexa9_0'.
18:32:31 INFO  : Context for processor 'ps7_cortexa9_0' is selected.
18:32:31 INFO  : The application '/home/daniel/Documents/VHDL/zynqrtos/zynqrtos.sdk/TEST/Debug/TEST.elf' is downloaded to processor 'ps7_cortexa9_0'.
18:32:31 INFO  : 'configparams force-mem-access 0' command is executed.
18:32:31 INFO  : ----------------XSDB Script----------------
connect -url tcp:127.0.0.1:3121
source /home/daniel/Documents/VHDL/zynqrtos/zynqrtos.sdk/design_1_wrapper_hw_platform_0/ps7_init.tcl
targets -set -nocase -filter {name =~"APU*" && jtag_cable_name =~ "Xilinx PYNQ-Z1 003017ABD8ADA"} -index 0
loadhw -hw /home/daniel/Documents/VHDL/zynqrtos/zynqrtos.sdk/design_1_wrapper_hw_platform_0/system.hdf -mem-ranges [list {0x40000000 0xbfffffff}]
configparams force-mem-access 1
targets -set -nocase -filter {name =~"APU*" && jtag_cable_name =~ "Xilinx PYNQ-Z1 003017ABD8ADA"} -index 0
stop
ps7_init
ps7_post_config
targets -set -nocase -filter {name =~ "ARM*#0" && jtag_cable_name =~ "Xilinx PYNQ-Z1 003017ABD8ADA"} -index 0
rst -processor
targets -set -nocase -filter {name =~ "ARM*#0" && jtag_cable_name =~ "Xilinx PYNQ-Z1 003017ABD8ADA"} -index 0
dow /home/daniel/Documents/VHDL/zynqrtos/zynqrtos.sdk/TEST/Debug/TEST.elf
configparams force-mem-access 0
----------------End of Script----------------

18:32:31 INFO  : Context for processor 'ps7_cortexa9_0' is selected.
18:32:31 INFO  : 'con' command is executed.
18:32:31 INFO  : ----------------XSDB Script (After Launch)----------------
targets -set -nocase -filter {name =~ "ARM*#0" && jtag_cable_name =~ "Xilinx PYNQ-Z1 003017ABD8ADA"} -index 0
con
----------------End of Script----------------

18:32:31 INFO  : Disconnected from the channel tcfchan#1.
18:33:54 INFO  : Registering command handlers for SDK TCF services
18:33:55 INFO  : Launching XSCT server: xsct -n -interactive /home/daniel/Documents/VHDL/zynqrtos/zynqrtos.sdk/temp_xsdb_launch_script.tcl
18:33:57 INFO  : XSCT server has started successfully.
18:33:57 INFO  : Successfully done setting XSCT server connection channel  
18:33:57 INFO  : Successfully done setting SDK workspace  
18:33:57 INFO  : Processing command line option -hwspec /home/daniel/Documents/VHDL/zynqrtos/zynqrtos.sdk/design_1_wrapper.hdf.
18:33:57 INFO  : Checking for hwspec changes in the project design_1_wrapper_hw_platform_0.
18:36:44 ERROR : 
java.lang.Exception: Invalid Linux Sysroot Path
	at com.xilinx.sdk.appwiz.core.LinuxProjectHandler.addLinuxToolchainIncludes(LinuxProjectHandler.java:268)
	at com.xilinx.sdk.appwiz.core.LinuxProjectHandler.setLinuxToolchainAndSysrootPaths(LinuxProjectHandler.java:249)
	at com.xilinx.sdk.appwiz.core.LinuxProjectHandler.setLinuxToolchainPaths(LinuxProjectHandler.java:204)
	at com.xilinx.sdk.appwiz.core.LinuxProjectHandler.createNewLinuxApp(LinuxProjectHandler.java:121)
	at com.xilinx.sdk.appwiz.core.LinuxProjectHandler.createCoreApp(LinuxProjectHandler.java:60)
	at com.xilinx.sdk.appwiz.core.AppCreationHandler.createApplication(AppCreationHandler.java:130)
	at com.xilinx.sdk.appwiz.core.AppCreationHandler$1.run(AppCreationHandler.java:66)
	at org.eclipse.core.internal.resources.Workspace.run(Workspace.java:2240)
	at org.eclipse.core.internal.resources.Workspace.run(Workspace.java:2262)
	at com.xilinx.sdk.appwiz.core.AppCreationHandler.execute(AppCreationHandler.java:62)
	at com.xilinx.sdk.appwiz.ApplicationWizard.createNewProject(ApplicationWizard.java:117)
	at org.eclipse.cdt.ui.wizards.NewCProjectWizard.doRun(NewCProjectWizard.java:293)
	at org.eclipse.cdt.ui.wizards.NewCProjectWizard$1$1$1.run(NewCProjectWizard.java:235)
	at org.eclipse.ui.actions.WorkspaceModifyDelegatingOperation.execute(WorkspaceModifyDelegatingOperation.java:67)
	at org.eclipse.ui.actions.WorkspaceModifyOperation.lambda$0(WorkspaceModifyOperation.java:107)
	at org.eclipse.core.internal.resources.Workspace.run(Workspace.java:2240)
	at org.eclipse.core.internal.resources.Workspace.run(Workspace.java:2267)
	at org.eclipse.ui.actions.WorkspaceModifyOperation.run(WorkspaceModifyOperation.java:128)
	at org.eclipse.jface.operation.ModalContext.runInCurrentThread(ModalContext.java:437)
	at org.eclipse.jface.operation.ModalContext.run(ModalContext.java:353)
	at org.eclipse.jface.wizard.WizardDialog.run(WizardDialog.java:993)
	at org.eclipse.cdt.ui.wizards.NewCProjectWizard$1$1.run(NewCProjectWizard.java:245)
	at org.eclipse.ui.internal.UILockListener.doPendingWork(UILockListener.java:162)
	at org.eclipse.ui.internal.UISynchronizer$3.run(UISynchronizer.java:154)
	at org.eclipse.swt.widgets.RunnableLock.run(RunnableLock.java:35)
	at org.eclipse.swt.widgets.Synchronizer.runAsyncMessages(Synchronizer.java:182)
	at org.eclipse.swt.widgets.Display.runAsyncMessages(Display.java:4528)
	at org.eclipse.swt.widgets.Display.readAndDispatch(Display.java:4146)
	at org.eclipse.jface.operation.ModalContext$ModalContextThread.block(ModalContext.java:165)
	at org.eclipse.jface.operation.ModalContext.run(ModalContext.java:369)
	at org.eclipse.jface.wizard.WizardDialog.run(WizardDialog.java:993)
	at org.eclipse.cdt.ui.wizards.NewCProjectWizard.invokeRunnable(NewCProjectWizard.java:272)
	at org.eclipse.cdt.ui.wizards.NewCProjectWizard.performFinish(NewCProjectWizard.java:162)
	at com.xilinx.sdk.appwiz.ApplicationWizard.performFinish(ApplicationWizard.java:158)
	at org.eclipse.jface.wizard.WizardDialog.finishPressed(WizardDialog.java:790)
	at org.eclipse.jface.wizard.WizardDialog.buttonPressed(WizardDialog.java:423)
	at org.eclipse.jface.dialogs.Dialog$2.widgetSelected(Dialog.java:618)
	at org.eclipse.swt.widgets.TypedListener.handleEvent(TypedListener.java:249)
	at org.eclipse.swt.widgets.EventTable.sendEvent(EventTable.java:84)
	at org.eclipse.swt.widgets.Display.sendEvent(Display.java:5219)
	at org.eclipse.swt.widgets.Widget.sendEvent(Widget.java:1340)
	at org.eclipse.swt.widgets.Display.runDeferredEvents(Display.java:4553)
	at org.eclipse.swt.widgets.Display.readAndDispatch(Display.java:4143)
	at org.eclipse.jface.window.Window.runEventLoop(Window.java:818)
	at org.eclipse.jface.window.Window.open(Window.java:794)
	at org.eclipse.ui.internal.actions.NewWizardShortcutAction.run(NewWizardShortcutAction.java:133)
	at org.eclipse.jface.action.Action.runWithEvent(Action.java:473)
	at org.eclipse.jface.action.ActionContributionItem.handleWidgetSelection(ActionContributionItem.java:565)
	at org.eclipse.jface.action.ActionContributionItem.lambda$4(ActionContributionItem.java:397)
	at org.eclipse.swt.widgets.EventTable.sendEvent(EventTable.java:84)
	at org.eclipse.swt.widgets.Display.sendEvent(Display.java:5219)
	at org.eclipse.swt.widgets.Widget.sendEvent(Widget.java:1340)
	at org.eclipse.swt.widgets.Display.runDeferredEvents(Display.java:4553)
	at org.eclipse.swt.widgets.Display.readAndDispatch(Display.java:4143)
	at org.eclipse.e4.ui.internal.workbench.swt.PartRenderingEngine$4.run(PartRenderingEngine.java:1121)
	at org.eclipse.core.databinding.observable.Realm.runWithDefault(Realm.java:336)
	at org.eclipse.e4.ui.internal.workbench.swt.PartRenderingEngine.run(PartRenderingEngine.java:1022)
	at org.eclipse.e4.ui.internal.workbench.E4Workbench.createAndRunUI(E4Workbench.java:150)
	at org.eclipse.ui.internal.Workbench$5.run(Workbench.java:687)
	at org.eclipse.core.databinding.observable.Realm.runWithDefault(Realm.java:336)
	at org.eclipse.ui.internal.Workbench.createAndRunWorkbench(Workbench.java:604)
	at org.eclipse.ui.PlatformUI.createAndRunWorkbench(PlatformUI.java:148)
	at org.eclipse.ui.internal.ide.application.IDEApplication.start(IDEApplication.java:138)
	at org.eclipse.equinox.internal.app.EclipseAppHandle.run(EclipseAppHandle.java:196)
	at org.eclipse.core.runtime.internal.adaptor.EclipseAppLauncher.runApplication(EclipseAppLauncher.java:134)
	at org.eclipse.core.runtime.internal.adaptor.EclipseAppLauncher.start(EclipseAppLauncher.java:104)
	at org.eclipse.core.runtime.adaptor.EclipseStarter.run(EclipseStarter.java:388)
	at org.eclipse.core.runtime.adaptor.EclipseStarter.run(EclipseStarter.java:243)
	at sun.reflect.NativeMethodAccessorImpl.invoke0(Native Method)
	at sun.reflect.NativeMethodAccessorImpl.invoke(NativeMethodAccessorImpl.java:62)
	at sun.reflect.DelegatingMethodAccessorImpl.invoke(DelegatingMethodAccessorImpl.java:43)
	at java.lang.reflect.Method.invoke(Method.java:498)
	at org.eclipse.equinox.launcher.Main.invokeFramework(Main.java:673)
	at org.eclipse.equinox.launcher.Main.basicRun(Main.java:610)
	at org.eclipse.equinox.launcher.Main.run(Main.java:1519)
	at org.eclipse.equinox.launcher.Main.main(Main.java:1492)
10:51:16 INFO  : Registering command handlers for SDK TCF services
10:51:18 INFO  : Launching XSCT server: xsct -n -interactive /home/daniel/Documents/VHDL/zynqrtos/zynqrtos.sdk/temp_xsdb_launch_script.tcl
10:51:22 INFO  : XSCT server has started successfully.
10:51:22 INFO  : Successfully done setting XSCT server connection channel  
10:51:26 INFO  : Successfully done setting SDK workspace  
10:51:26 INFO  : Processing command line option -hwspec /home/daniel/Documents/VHDL/zynqrtos/zynqrtos.sdk/design_1_wrapper.hdf.
10:51:26 INFO  : Checking for hwspec changes in the project design_1_wrapper_hw_platform_0.
