Command line:
   tb_cod_isim_beh.exe
     -simmode  gui
     -simrunnum  0
     -socket  50788

Tue Sep 18 19:10:46 2018


 Elaboration Time: 0.046875 sec

 Current Memory Usage: 5176.66 Meg

 Total Signals          : 4
 Total Nets             : 11
 Total Signal Drivers   : 2
 Total Blocks           : 3
 Total Primitive Blocks : 2
 Total Processes        : 2
 Total Traceable Variables  : 8
 Total Scalar Nets and Variables : 371
Total Line Count : 23

 Total Simulation Time: 0.046875 sec

 Current Memory Usage: 5019.37 Meg

Tue Sep 18 19:11:49 2018

