Command line:
   tb_pwm_isim_beh.exe
     -simmode  gui
     -simrunnum  0
     -socket  53317

Mon Nov 12 09:46:00 2018


 Elaboration Time: 0.140625 sec

 Current Memory Usage: 5331.53 Meg

 Total Signals          : 10
 Total Nets             : 27
 Total Signal Drivers   : 6
 Total Blocks           : 4
 Total Primitive Blocks : 3
 Total Processes        : 5
 Total Traceable Variables  : 14
 Total Scalar Nets and Variables : 511
Total Line Count : 21

 Total Simulation Time: 0.203125 sec

 Current Memory Usage: 5331.53 Meg

Mon Nov 12 09:46:24 2018

