Copyright 1986-2018 Xilinx, Inc. All Rights Reserved.
------------------------------------------------------------------------------------
| Tool Version : Vivado v.2018.3 (lin64) Build 2405991 Thu Dec  6 23:36:41 MST 2018
| Date         : Thu Mar 21 09:39:02 2019
| Host         : daniel-X510UAR running 64-bit Ubuntu 18.04.2 LTS
| Command      : upgrade_ip
| Device       : xc7a35tcpg236-1
------------------------------------------------------------------------------------

Upgrade Log for IP 'design_1_main_0_0'

1. Summary
----------

CAUTION (success, with warnings) in the upgrade of design_1_main_0_0 (user.org:user:main:1.0) from (Rev. 4) to (Rev. 5)

After upgrade, an IP may have parameter and port differences compared to the original customization. Please review the parameters within the IP customization GUI to ensure proper functionality. Also, please review the updated IP instantiation template to ensure proper connectivity, and update your design if required.

2. Connection Warnings
----------------------

Detected external port differences while upgrading 'design_1_main_0_0'. These changes may impact your design.


-Upgrade has removed port 'pwm_ouut'

-Upgrade has added port 'pwm_out'







Copyright 1986-2018 Xilinx, Inc. All Rights Reserved.
------------------------------------------------------------------------------------
| Tool Version : Vivado v.2018.3 (lin64) Build 2405991 Thu Dec  6 23:36:41 MST 2018
| Date         : Thu Mar 21 09:34:58 2019
| Host         : daniel-X510UAR running 64-bit Ubuntu 18.04.2 LTS
| Command      : upgrade_ip
| Device       : xc7a35tcpg236-1
------------------------------------------------------------------------------------

Upgrade Log for IP 'design_1_topmain_0_0'

1. Summary
----------

SUCCESS in the upgrade of design_1_topmain_0_0 (user.org:user:topmain:1.0) from (Rev. 2) to (Rev. 3)






Copyright 1986-2018 Xilinx, Inc. All Rights Reserved.
------------------------------------------------------------------------------------
| Tool Version : Vivado v.2018.3 (lin64) Build 2405991 Thu Dec  6 23:36:41 MST 2018
| Date         : Thu Mar 21 08:42:59 2019
| Host         : daniel-X510UAR running 64-bit Ubuntu 18.04.2 LTS
| Command      : upgrade_ip
| Device       : xc7a35tcpg236-1
------------------------------------------------------------------------------------

Upgrade Log for IP 'design_1_main_0_0'

1. Summary
----------

CAUTION (success, with warnings) in the upgrade of design_1_main_0_0 (user.org:user:main:1.0) from (Rev. 2) to (Rev. 4)

After upgrade, an IP may have parameter and port differences compared to the original customization. Please review the parameters within the IP customization GUI to ensure proper functionality. Also, please review the updated IP instantiation template to ensure proper connectivity, and update your design if required.

2. Connection Warnings
----------------------

Detected external port differences while upgrading 'design_1_main_0_0'. These changes may impact your design.


-Upgrade has removed port 'pwm_out'

-Upgrade has added port 'pwm_ouut'


