Running: C:\Xilinx\14.7\ISE_DS\ISE\bin\nt64\unwrapped\fuse.exe -intstyle ise -incremental -o C:/Users/darko/OneDrive/Documentos/VH/timeren/entb_isim_beh.exe -prj C:/Users/darko/OneDrive/Documentos/VH/timeren/entb_beh.prj work.entb 
ISim P.20131013 (signature 0x7708f090)
Number of CPUs detected in this system: 4
Turning on mult-threading, number of parallel sub-compilation jobs: 8 
Determining compilation order of HDL files
Parsing VHDL file "C:/Users/darko/OneDrive/Documentos/VH/timeren/minutos.vhd" into library work
Parsing VHDL file "C:/Users/darko/OneDrive/Documentos/VH/timeren/horas.vhd" into library work
Parsing VHDL file "C:/Users/darko/OneDrive/Documentos/VH/timeren/divisor.vhd" into library work
Parsing VHDL file "C:/Users/darko/OneDrive/Documentos/VH/timeren/contseg.vhd" into library work
Parsing VHDL file "C:/Users/darko/OneDrive/Documentos/VH/timeren/main.vhd" into library work
Parsing VHDL file "C:/Users/darko/OneDrive/Documentos/VH/timeren/entb.vhd" into library work
Starting static elaboration
Completed static elaboration
Compiling package standard
Compiling package std_logic_1164
Compiling package numeric_std
Compiling architecture behavioral of entity divisor [divisor_default]
Compiling architecture behavioral of entity contseg [contseg_default]
Compiling architecture behavioral of entity minutos [minutos_default]
Compiling architecture behavioral of entity horas [horas_default]
Compiling architecture behavioral of entity main [main_default]
Compiling architecture behavior of entity entb
Time Resolution for simulation is 1ps.
Waiting for 1 sub-compilation(s) to finish...
Compiled 14 VHDL Units
Built simulation executable C:/Users/darko/OneDrive/Documentos/VH/timeren/entb_isim_beh.exe
Fuse Memory Usage: 35180 KB
Fuse CPU Usage: 1031 ms
